2022-07-19 17:22:38.267 [INFO] Settings loaded
2022-07-19 17:24:12.811 [INFO] Settings loaded
2022-07-19 17:24:34.348 [INFO] Settings loaded
2022-07-19 17:24:45.636 [INFO] Settings loaded
2022-07-19 17:29:36.308 [INFO] Settings loaded
2022-07-19 17:29:36.945 [INFO] Begin crawling ...
2022-07-19 17:29:37.780 [INFO] Get 50 items: 马斯克表示「已将自己的大脑上传到云端」，,美国玛氏「彩虹糖」被指控可致人体 DNA,中日继续抛美债，中国持仓 12 年来首次,克宫宣布「俄罗斯和伊朗将在双边交易中放弃,如何看待广东外语外贸大学 2022 年分,四川一女子找工作不接受单休被 HR 骂「,为什么空调的 26℃ 比室外的 26℃ ,「小天才」平板涉黄涉暴被京津冀消协约谈，,郑州银行称监管资金被挪用是「听招呼干活」,日本花滑名将羽生结弦宣布退役，将转战职业,社科院副院长称「中国人不仅给自己买房还给,余秀华前男友杨槠策直播连续自扇 100 ,中印双方举行第十六轮军长级会谈，双方从早,如何看待 2022 高考很多 985 大,邵阳学院回应花 1800 万引进 23 ,水泥的寿命是 60-70 年，那么 70,为什么国内狗狗不能上公交地铁，国外却当作,韦正为易烊千玺事件发声后，李佳航李晟接连,如果美国开放芯片了，国产芯片怎么办？,小米 12S Ultra 销售火热，说明,如何看待 2022 年部分省份同济大学录,如何看待不仅张小泉，双立人，苏泊尔，爱仕,浙大副教授博士论文被判剽窃，目前其仍在任,如何看待苏州大学今年在江苏录取最低分数跌,为什么现在有一种论点是俄乌拖的越久对俄越,新疆麦趣尔再被强制执行，被执行总金额约 ,为什么那么多人热衷于报考乡镇公务员？,韩国整只炸鸡卖 3 万韩元，韩民众发起抵,外交部表示「中方要求美方不得安排佩洛西访,如何看待中信证券投入 8 位分析师耗时数,韩「统一教」前世界会会长公开鞠躬道歉，承,游戏史上有哪些奇葩的翻译？,如何评价《新围棋少年》第 21 集，小明,怎么看待 Nodejs 中文文档收费一事,为什么大家对实木颗粒板成见那么大？,《灌篮高手》最大的败笔是什么？,如果可以在周杰伦的哥友会上点歌，你最想点,张小泉负责人称或会研发拍蒜专用刀，你对该,李景亮在 UFC 获胜后身披国旗引争议，,世纪佳缘「失联」高管「因个人涉嫌职务侵占,66 年前的 7 月 19 日，歼 -5,吴镇宇金像奖 11 提 0 中，吴费曼发,设计师的工资前期很低，后期一定就高了吗？,是选择重点高中的末尾，还是普通高中的的前,如何看待伊朗拟推新法案禁止饲养宠物？,《幸福到万家》中关涛对何幸福是什么情感？,对待别人善良真的很好吗？,辽宁省宜居吗？,俄气称遭「不可抗力」，将至少影响其对至少,一个月七千，没有前途，要不要辞职？
2022-07-19 17:29:37.785 [INFO] Sleep 2 second(s)
2022-07-19 17:29:40.509 [INFO] Get question detail for 马斯克表示「已将自己的大脑上传到云端」，脑机接口未来发展如何？: raw detail length 207
2022-07-19 17:29:40.851 [INFO] Sleep 2 second(s)
2022-07-19 17:29:43.558 [INFO] Get question detail for 美国玛氏「彩虹糖」被指控可致人体 DNA 发生改变，该说法有何依据？: raw detail length 209
2022-07-19 17:29:43.897 [INFO] Sleep 2 second(s)
2022-07-19 17:29:46.778 [INFO] Get question detail for 中日继续抛美债，中国持仓 12 年来首次跌破万亿美元，有哪些原因导致美国债吸引力下降？: raw detail length 219
2022-07-19 17:29:47.094 [INFO] Sleep 2 second(s)
2022-07-19 17:29:49.951 [INFO] Get question detail for 克宫宣布「俄罗斯和伊朗将在双边交易中放弃使用美元」，如何解读这一决定？: raw detail length 215
2022-07-19 17:29:50.271 [INFO] Sleep 2 second(s)
2022-07-19 17:29:52.777 [INFO] Get question detail for 如何看待广东外语外贸大学 2022 年分数线暴跌？: raw detail length 43
2022-07-19 17:29:53.118 [INFO] Sleep 2 second(s)
2022-07-19 17:29:55.675 [INFO] Get question detail for 四川一女子找工作不接受单休被 HR 骂「我们不是请摆设，不是找小三」，如何看待该公司 HR 的言行？: raw detail length 206
2022-07-19 17:29:55.991 [INFO] Sleep 2 second(s)
2022-07-19 17:29:58.565 [INFO] Get question detail for 为什么空调的 26℃ 比室外的 26℃ 更凉快？: raw detail length 0
2022-07-19 17:29:58.909 [INFO] Sleep 2 second(s)
2022-07-19 17:30:01.863 [INFO] Get question detail for 「小天才」平板涉黄涉暴被京津冀消协约谈，如何看待儿童平板电脑出现涉黄涉暴问题？: raw detail length 206
2022-07-19 17:30:02.209 [INFO] Sleep 2 second(s)
2022-07-19 17:30:05.023 [INFO] Get question detail for 郑州银行称监管资金被挪用是「听招呼干活」，房管局回应「其说法不实」，如何看待此事？: raw detail length 207
2022-07-19 17:30:05.365 [INFO] Sleep 2 second(s)
2022-07-19 17:30:08.005 [INFO] Get question detail for 日本花滑名将羽生结弦宣布退役，将转战职业滑冰。如何评价他的职业生涯？: raw detail length 77
2022-07-19 17:30:08.347 [INFO] Sleep 2 second(s)
2022-07-19 17:30:11.179 [INFO] Get question detail for 社科院副院长称「中国人不仅给自己买房还给儿孙买房，这是中华血脉的独有气质」，如何评价这一观点？: raw detail length 133
2022-07-19 17:30:11.501 [INFO] Sleep 2 second(s)
2022-07-19 17:30:14.183 [INFO] Get question detail for 余秀华前男友杨槠策直播连续自扇 100 多个耳光，称为反对网暴家暴，如何看待他的行为？: raw detail length 163
2022-07-19 17:30:14.525 [INFO] Sleep 2 second(s)
2022-07-19 17:30:17.171 [INFO] Get question detail for 中印双方举行第十六轮军长级会谈，双方从早九点谈到晚十点，有哪些信息值得关注？: raw detail length 205
2022-07-19 17:30:17.489 [INFO] Sleep 2 second(s)
2022-07-19 17:30:20.071 [INFO] Get question detail for 如何看待 2022 高考很多 985 大学在河南断档？: raw detail length 27
2022-07-19 17:30:20.404 [INFO] Sleep 2 second(s)
2022-07-19 17:30:22.993 [INFO] Get question detail for 邵阳学院回应花 1800 万引进 23 名菲律宾博士，称「已关注到争议」，这样的人才引进方式妥当吗？: raw detail length 209
2022-07-19 17:30:23.314 [INFO] Sleep 2 second(s)
2022-07-19 17:30:26.222 [INFO] Get question detail for 水泥的寿命是 60-70 年，那么 70 年后的水利大坝会如何？: raw detail length 106
2022-07-19 17:30:26.556 [INFO] Sleep 2 second(s)
2022-07-19 17:30:29.337 [INFO] Get question detail for 为什么国内狗狗不能上公交地铁，国外却当作习以为常？: raw detail length 102
2022-07-19 17:30:29.669 [INFO] Sleep 2 second(s)
2022-07-19 17:30:32.575 [INFO] Get question detail for 韦正为易烊千玺事件发声后，李佳航李晟接连发文，如何看待他们的行为？: raw detail length 202
2022-07-19 17:30:32.917 [INFO] Sleep 2 second(s)
2022-07-19 17:30:35.651 [INFO] Get question detail for 如果美国开放芯片了，国产芯片怎么办？: raw detail length 0
2022-07-19 17:30:35.970 [INFO] Sleep 2 second(s)
2022-07-19 17:30:38.740 [INFO] Get question detail for 小米 12S Ultra 销售火热，说明了什么？: raw detail length 0
2022-07-19 17:30:39.085 [INFO] Sleep 2 second(s)
2022-07-19 17:30:41.755 [INFO] Get question detail for 如何看待 2022 年部分省份同济大学录取分数线大跳水？: raw detail length 2
2022-07-19 17:30:42.102 [INFO] Sleep 2 second(s)
2022-07-19 17:30:44.869 [INFO] Get question detail for 如何看待不仅张小泉，双立人，苏泊尔，爱仕达都回复说，菜刀不能拍蒜。从专业角度，合理吗？如何合理选厨具？: raw detail length 19
2022-07-19 17:30:45.196 [INFO] Sleep 2 second(s)
2022-07-19 17:30:47.876 [INFO] Get question detail for 浙大副教授博士论文被判剽窃，目前其仍在任教，被剽窃者称「他抄到最后一字不改」，有哪些信息值得关注？: raw detail length 203
2022-07-19 17:30:48.203 [INFO] Sleep 2 second(s)
2022-07-19 17:30:50.902 [INFO] Get question detail for 如何看待苏州大学今年在江苏录取最低分数跌破 4w 名？: raw detail length 68
2022-07-19 17:30:51.227 [INFO] Sleep 2 second(s)
2022-07-19 17:30:53.835 [INFO] Get question detail for 为什么现在有一种论点是俄乌拖的越久对俄越有利？: raw detail length 0
2022-07-19 17:30:54.164 [INFO] Sleep 2 second(s)
2022-07-19 17:30:56.717 [INFO] Get question detail for 新疆麦趣尔再被强制执行，被执行总金额约 6.66 亿，具体情况如何？给食品安全带来哪些警示？: raw detail length 174
2022-07-19 17:30:57.050 [INFO] Sleep 2 second(s)
2022-07-19 17:30:59.834 [INFO] Get question detail for 为什么那么多人热衷于报考乡镇公务员？: raw detail length 26
2022-07-19 17:31:00.161 [INFO] Sleep 2 second(s)
2022-07-19 17:31:02.916 [INFO] Get question detail for 韩国整只炸鸡卖 3 万韩元，韩民众发起抵制，炸鸡价格过高的原因是什么？: raw detail length 205
2022-07-19 17:31:03.266 [INFO] Sleep 2 second(s)
2022-07-19 17:31:05.941 [INFO] Get question detail for 外交部表示「中方要求美方不得安排佩洛西访台」，若美方一意孤行，中方必采取坚决有力措施，释放了哪些信号？: raw detail length 203
2022-07-19 17:31:06.265 [INFO] Sleep 2 second(s)
2022-07-19 17:31:08.905 [INFO] Get question detail for 如何看待中信证券投入 8 位分析师耗时数月拆 30 万特斯拉，写了份 94 页研报？ 此举有何意义？: raw detail length 213
2022-07-19 17:31:09.232 [INFO] Sleep 2 second(s)
2022-07-19 17:31:11.849 [INFO] Get question detail for 韩「统一教」前世界会会长公开鞠躬道歉，承认对安倍之死负有责任，这意味着什么？: raw detail length 203
2022-07-19 17:31:12.186 [INFO] Sleep 2 second(s)
2022-07-19 17:31:14.878 [INFO] Get question detail for 游戏史上有哪些奇葩的翻译？: raw detail length 24
2022-07-19 17:31:15.225 [INFO] Sleep 2 second(s)
2022-07-19 17:31:18.140 [INFO] Get question detail for 如何评价《新围棋少年》第 21 集，小明皇封方百花为公主和亲蒙古可汗?: raw detail length 0
2022-07-19 17:31:18.791 [INFO] Sleep 2 second(s)
2022-07-19 17:31:21.471 [INFO] Get question detail for 怎么看待 Nodejs 中文文档收费一事？: raw detail length 22
2022-07-19 17:31:21.793 [INFO] Sleep 2 second(s)
2022-07-19 17:31:24.727 [INFO] Get question detail for 为什么大家对实木颗粒板成见那么大？: raw detail length 44
2022-07-19 17:31:25.060 [INFO] Sleep 2 second(s)
2022-07-19 17:31:27.927 [INFO] Get question detail for 《灌篮高手》最大的败笔是什么？: raw detail length 199
2022-07-19 17:31:28.261 [INFO] Sleep 2 second(s)
2022-07-19 17:31:30.746 [INFO] Get question detail for 如果可以在周杰伦的哥友会上点歌，你最想点哪首？: raw detail length 0
2022-07-19 17:31:31.079 [INFO] Sleep 2 second(s)
2022-07-19 17:31:33.895 [INFO] Get question detail for 张小泉负责人称或会研发拍蒜专用刀，你对该公司这一行为有何评价？: raw detail length 148
2022-07-19 17:31:34.218 [INFO] Sleep 2 second(s)
2022-07-19 17:31:36.748 [INFO] Get question detail for 李景亮在 UFC 获胜后身披国旗引争议，或因违反规定被罚，原因是什么？: raw detail length 196
2022-07-19 17:31:37.081 [INFO] Sleep 2 second(s)
2022-07-19 17:31:39.956 [INFO] Get question detail for 世纪佳缘「失联」高管「因个人涉嫌职务侵占」已被拘留，大股东复星主动报案，对公司会造成什么影响？: raw detail length 208
2022-07-19 17:31:40.271 [INFO] Sleep 2 second(s)
2022-07-19 17:31:43.079 [INFO] Get question detail for 66 年前的 7 月 19 日，歼 -5 首飞成功。你了解中国歼击机发展史吗？对哪架国产歼击机最感兴趣？: raw detail length 136
2022-07-19 17:31:43.429 [INFO] Sleep 2 second(s)
2022-07-19 17:31:45.919 [INFO] Get question detail for 吴镇宇金像奖 11 提 0 中，吴费曼发文「恭喜无蒸鱼获最佳陪跑和最佳冷门奖」，这样的父子情你慕了吗？: raw detail length 119
2022-07-19 17:31:46.241 [INFO] Sleep 2 second(s)
2022-07-19 17:31:49.124 [INFO] Get question detail for 设计师的工资前期很低，后期一定就高了吗？: raw detail length 38
2022-07-19 17:31:49.446 [INFO] Sleep 2 second(s)
2022-07-19 17:31:52.044 [INFO] Get question detail for 是选择重点高中的末尾，还是普通高中的的前几?: raw detail length 0
2022-07-19 17:31:52.376 [INFO] Sleep 2 second(s)
2022-07-19 17:31:55.068 [INFO] Get question detail for 如何看待伊朗拟推新法案禁止饲养宠物？: raw detail length 137
2022-07-19 17:31:55.389 [INFO] Sleep 2 second(s)
2022-07-19 17:31:58.099 [INFO] Get question detail for 《幸福到万家》中关涛对何幸福是什么情感？他是喜欢何幸福吗？: raw detail length 14
2022-07-19 17:31:58.434 [INFO] Sleep 2 second(s)
2022-07-19 17:32:01.078 [INFO] Get question detail for 对待别人善良真的很好吗？: raw detail length 0
2022-07-19 17:32:01.411 [INFO] Sleep 2 second(s)
2022-07-19 17:32:04.000 [INFO] Get question detail for 辽宁省宜居吗？: raw detail length 11
2022-07-19 17:32:04.320 [INFO] Sleep 2 second(s)
2022-07-19 17:32:07.192 [INFO] Get question detail for 俄气称遭「不可抗力」，将至少影响其对至少一家主要客户的天然气供应，哪些信息值得关注？: raw detail length 209
2022-07-19 17:32:07.524 [INFO] Sleep 2 second(s)
2022-07-19 17:32:10.226 [INFO] Get question detail for 一个月七千，没有前途，要不要辞职？: raw detail length 200
2022-07-19 17:32:10.896 [INFO] Sleep 446.0489399433136 second(s)
2022-07-19 17:39:36.946 [INFO] Begin crawling ...
2022-07-19 17:39:37.971 [INFO] Get 50 items: 马斯克表示「已将自己的大脑上传到云端」，,美国玛氏「彩虹糖」被指控可致人体 DNA,中日继续抛美债，中国持仓 12 年来首次,克宫宣布「俄罗斯和伊朗将在双边交易中放弃,如何看待广东外语外贸大学 2022 年分,为什么空调的 26℃ 比室外的 26℃ ,四川一女子找工作不接受单休被 HR 骂「,「小天才」平板涉黄涉暴被京津冀消协约谈，,郑州银行称监管资金被挪用是「听招呼干活」,日本花滑名将羽生结弦宣布退役，将转战职业,余秀华前男友杨槠策直播连续自扇 100 ,如何看待 2022 高考很多 985 大,中印双方举行第十六轮军长级会谈，双方从早,如果美国开放芯片了，国产芯片怎么办？,小米 12S Ultra 销售火热，说明,水泥的寿命是 60-70 年，那么 70,社科院副院长称「中国人不仅给自己买房还给,韦正为易烊千玺事件发声后，李佳航李晟接连,为什么国内狗狗不能上公交地铁，国外却当作,浙大副教授博士论文被判剽窃，目前其仍在任,如何看待 2022 年部分省份同济大学录,如何看待不仅张小泉，双立人，苏泊尔，爱仕,为什么现在有一种论点是俄乌拖的越久对俄越,如何看待苏州大学今年在江苏录取最低分数跌,外交部表示「中方要求美方不得安排佩洛西访,新疆麦趣尔再被强制执行，被执行总金额约 ,韩国整只炸鸡卖 3 万韩元，韩民众发起抵,为什么那么多人热衷于报考乡镇公务员？,韩「统一教」前世界会会长公开鞠躬道歉，承,如何看待中信证券投入 8 位分析师耗时数,游戏史上有哪些奇葩的翻译？,如何评价《新围棋少年》第 21 集，小明,怎么看待 Nodejs 中文文档收费一事,《灌篮高手》最大的败笔是什么？,张小泉负责人称或会研发拍蒜专用刀，你对该,邵阳学院回应花 1800 万引进 23 ,辽宁省宜居吗？,是选择重点高中的末尾，还是普通高中的的前,对待别人善良真的很好吗？,世纪佳缘「失联」高管「因个人涉嫌职务侵占,66 年前的 7 月 19 日，歼 -5,吴镇宇金像奖 11 提 0 中，吴费曼发,一个月七千，没有前途，要不要辞职？,如果我看了《咒》，又看了《午夜凶铃》，那,如何看待伊朗拟推新法案禁止饲养宠物？,《幸福到万家》中关涛对何幸福是什么情感？,为什么蚕丝可以做衣服，蜘蛛丝不可以？,付出与回报不成正比的友谊，还要继续吗？,俄气称遭「不可抗力」，将至少影响其对至少,如果可以在周杰伦的哥友会上点歌，你最想点
2022-07-19 17:39:37.971 [INFO] Sleep 2 second(s)
2022-07-19 17:39:40.685 [INFO] Get question detail for 马斯克表示「已将自己的大脑上传到云端」，脑机接口未来发展如何？: raw detail length 207
2022-07-19 17:39:41.027 [INFO] Sleep 2 second(s)
2022-07-19 17:39:43.787 [INFO] Get question detail for 美国玛氏「彩虹糖」被指控可致人体 DNA 发生改变，该说法有何依据？: raw detail length 209
2022-07-19 17:39:44.134 [INFO] Sleep 2 second(s)
2022-07-19 17:39:46.732 [INFO] Get question detail for 中日继续抛美债，中国持仓 12 年来首次跌破万亿美元，有哪些原因导致美国债吸引力下降？: raw detail length 219
2022-07-19 17:39:47.070 [INFO] Sleep 2 second(s)
2022-07-19 17:39:49.810 [INFO] Get question detail for 克宫宣布「俄罗斯和伊朗将在双边交易中放弃使用美元」，如何解读这一决定？: raw detail length 215
2022-07-19 17:39:50.150 [INFO] Sleep 2 second(s)
2022-07-19 17:39:52.949 [INFO] Get question detail for 如何看待广东外语外贸大学 2022 年分数线暴跌？: raw detail length 43
2022-07-19 17:39:53.286 [INFO] Sleep 2 second(s)
2022-07-19 17:39:56.038 [INFO] Get question detail for 为什么空调的 26℃ 比室外的 26℃ 更凉快？: raw detail length 0
2022-07-19 17:39:56.366 [INFO] Sleep 2 second(s)
2022-07-19 17:39:58.986 [INFO] Get question detail for 四川一女子找工作不接受单休被 HR 骂「我们不是请摆设，不是找小三」，如何看待该公司 HR 的言行？: raw detail length 206
2022-07-19 17:39:59.323 [INFO] Sleep 2 second(s)
2022-07-19 17:40:01.927 [INFO] Get question detail for 「小天才」平板涉黄涉暴被京津冀消协约谈，如何看待儿童平板电脑出现涉黄涉暴问题？: raw detail length 206
2022-07-19 17:40:02.255 [INFO] Sleep 2 second(s)
2022-07-19 17:40:05.606 [INFO] Get question detail for 郑州银行称监管资金被挪用是「听招呼干活」，房管局回应「其说法不实」，如何看待此事？: raw detail length 207
2022-07-19 17:40:06.008 [INFO] Sleep 2 second(s)
2022-07-19 17:40:08.691 [INFO] Get question detail for 日本花滑名将羽生结弦宣布退役，将转战职业滑冰。如何评价他的职业生涯？: raw detail length 77
2022-07-19 17:40:09.082 [INFO] Sleep 2 second(s)
2022-07-19 17:40:11.815 [INFO] Get question detail for 余秀华前男友杨槠策直播连续自扇 100 多个耳光，称为反对网暴家暴，如何看待他的行为？: raw detail length 163
2022-07-19 17:40:12.130 [INFO] Sleep 2 second(s)
2022-07-19 17:40:14.834 [INFO] Get question detail for 如何看待 2022 高考很多 985 大学在河南断档？: raw detail length 27
2022-07-19 17:40:15.180 [INFO] Sleep 2 second(s)
2022-07-19 17:40:17.944 [INFO] Get question detail for 中印双方举行第十六轮军长级会谈，双方从早九点谈到晚十点，有哪些信息值得关注？: raw detail length 205
2022-07-19 17:40:18.275 [INFO] Sleep 2 second(s)
2022-07-19 17:40:20.879 [INFO] Get question detail for 如果美国开放芯片了，国产芯片怎么办？: raw detail length 0
2022-07-19 17:40:21.207 [INFO] Sleep 2 second(s)
2022-07-19 17:40:23.873 [INFO] Get question detail for 小米 12S Ultra 销售火热，说明了什么？: raw detail length 0
2022-07-19 17:40:24.187 [INFO] Sleep 2 second(s)
2022-07-19 17:40:26.767 [INFO] Get question detail for 水泥的寿命是 60-70 年，那么 70 年后的水利大坝会如何？: raw detail length 106
2022-07-19 17:40:27.099 [INFO] Sleep 2 second(s)
2022-07-19 17:40:29.620 [INFO] Get question detail for 社科院副院长称「中国人不仅给自己买房还给儿孙买房，这是中华血脉的独有气质」，如何评价这一观点？: raw detail length 133
2022-07-19 17:40:29.966 [INFO] Sleep 2 second(s)
2022-07-19 17:40:32.561 [INFO] Get question detail for 韦正为易烊千玺事件发声后，李佳航李晟接连发文，如何看待他们的行为？: raw detail length 202
2022-07-19 17:40:32.894 [INFO] Sleep 2 second(s)
2022-07-19 17:40:35.495 [INFO] Get question detail for 为什么国内狗狗不能上公交地铁，国外却当作习以为常？: raw detail length 102
2022-07-19 17:40:35.813 [INFO] Sleep 2 second(s)
2022-07-19 17:40:38.505 [INFO] Get question detail for 浙大副教授博士论文被判剽窃，目前其仍在任教，被剽窃者称「他抄到最后一字不改」，有哪些信息值得关注？: raw detail length 203
2022-07-19 17:40:38.832 [INFO] Sleep 2 second(s)
2022-07-19 17:40:41.628 [INFO] Get question detail for 如何看待 2022 年部分省份同济大学录取分数线大跳水？: raw detail length 2
2022-07-19 17:40:41.971 [INFO] Sleep 2 second(s)
2022-07-19 17:40:44.780 [INFO] Get question detail for 如何看待不仅张小泉，双立人，苏泊尔，爱仕达都回复说，菜刀不能拍蒜。从专业角度，合理吗？如何合理选厨具？: raw detail length 19
2022-07-19 17:40:45.099 [INFO] Sleep 2 second(s)
2022-07-19 17:40:47.638 [INFO] Get question detail for 为什么现在有一种论点是俄乌拖的越久对俄越有利？: raw detail length 0
2022-07-19 17:40:47.967 [INFO] Sleep 2 second(s)
2022-07-19 17:40:50.723 [INFO] Get question detail for 如何看待苏州大学今年在江苏录取最低分数跌破 4w 名？: raw detail length 68
2022-07-19 17:40:51.057 [INFO] Sleep 2 second(s)
2022-07-19 17:40:53.600 [INFO] Get question detail for 外交部表示「中方要求美方不得安排佩洛西访台」，若美方一意孤行，中方必采取坚决有力措施，释放了哪些信号？: raw detail length 203
2022-07-19 17:40:53.947 [INFO] Sleep 2 second(s)
2022-07-19 17:40:56.493 [INFO] Get question detail for 新疆麦趣尔再被强制执行，被执行总金额约 6.66 亿，具体情况如何？给食品安全带来哪些警示？: raw detail length 174
2022-07-19 17:40:56.832 [INFO] Sleep 2 second(s)
2022-07-19 17:40:59.432 [INFO] Get question detail for 韩国整只炸鸡卖 3 万韩元，韩民众发起抵制，炸鸡价格过高的原因是什么？: raw detail length 205
2022-07-19 17:40:59.758 [INFO] Sleep 2 second(s)
2022-07-19 17:41:02.521 [INFO] Get question detail for 为什么那么多人热衷于报考乡镇公务员？: raw detail length 26
2022-07-19 17:41:02.927 [INFO] Sleep 2 second(s)
2022-07-19 17:41:05.637 [INFO] Get question detail for 韩「统一教」前世界会会长公开鞠躬道歉，承认对安倍之死负有责任，这意味着什么？: raw detail length 203
2022-07-19 17:41:05.982 [INFO] Sleep 2 second(s)
2022-07-19 17:41:08.560 [INFO] Get question detail for 如何看待中信证券投入 8 位分析师耗时数月拆 30 万特斯拉，写了份 94 页研报？ 此举有何意义？: raw detail length 213
2022-07-19 17:41:08.889 [INFO] Sleep 2 second(s)
2022-07-19 17:41:11.642 [INFO] Get question detail for 游戏史上有哪些奇葩的翻译？: raw detail length 24
2022-07-19 17:41:11.994 [INFO] Sleep 2 second(s)
2022-07-19 17:41:14.515 [INFO] Get question detail for 如何评价《新围棋少年》第 21 集，小明皇封方百花为公主和亲蒙古可汗?: raw detail length 0
2022-07-19 17:41:14.851 [INFO] Sleep 2 second(s)
2022-07-19 17:41:17.534 [INFO] Get question detail for 怎么看待 Nodejs 中文文档收费一事？: raw detail length 22
2022-07-19 17:41:17.856 [INFO] Sleep 2 second(s)
2022-07-19 17:41:20.846 [INFO] Get question detail for 《灌篮高手》最大的败笔是什么？: raw detail length 199
2022-07-19 17:41:21.179 [INFO] Sleep 2 second(s)
2022-07-19 17:41:23.740 [INFO] Get question detail for 张小泉负责人称或会研发拍蒜专用刀，你对该公司这一行为有何评价？: raw detail length 148
2022-07-19 17:41:24.072 [INFO] Sleep 2 second(s)
2022-07-19 17:41:26.783 [INFO] Get question detail for 邵阳学院回应花 1800 万引进 23 名菲律宾博士，称「已关注到争议」，这样的人才引进方式妥当吗？: raw detail length 209
2022-07-19 17:41:27.110 [INFO] Sleep 2 second(s)
2022-07-19 17:41:29.879 [INFO] Get question detail for 辽宁省宜居吗？: raw detail length 11
2022-07-19 17:41:30.232 [INFO] Sleep 2 second(s)
2022-07-19 17:41:32.837 [INFO] Get question detail for 是选择重点高中的末尾，还是普通高中的的前几?: raw detail length 0
2022-07-19 17:41:33.180 [INFO] Sleep 2 second(s)
2022-07-19 17:41:35.757 [INFO] Get question detail for 对待别人善良真的很好吗？: raw detail length 0
2022-07-19 17:41:36.079 [INFO] Sleep 2 second(s)
2022-07-19 17:41:38.848 [INFO] Get question detail for 世纪佳缘「失联」高管「因个人涉嫌职务侵占」已被拘留，大股东复星主动报案，对公司会造成什么影响？: raw detail length 208
2022-07-19 17:41:39.183 [INFO] Sleep 2 second(s)
2022-07-19 17:41:41.773 [INFO] Get question detail for 66 年前的 7 月 19 日，歼 -5 首飞成功。你了解中国歼击机发展史吗？对哪架国产歼击机最感兴趣？: raw detail length 136
2022-07-19 17:41:42.106 [INFO] Sleep 2 second(s)
2022-07-19 17:41:44.720 [INFO] Get question detail for 吴镇宇金像奖 11 提 0 中，吴费曼发文「恭喜无蒸鱼获最佳陪跑和最佳冷门奖」，这样的父子情你慕了吗？: raw detail length 119
2022-07-19 17:41:45.053 [INFO] Sleep 2 second(s)
2022-07-19 17:41:47.603 [INFO] Get question detail for 一个月七千，没有前途，要不要辞职？: raw detail length 200
2022-07-19 17:41:47.933 [INFO] Sleep 2 second(s)
2022-07-19 17:41:50.637 [INFO] Get question detail for 如果我看了《咒》，又看了《午夜凶铃》，那么贞子和大黑佛母会打起来吗？: raw detail length 28
2022-07-19 17:41:50.959 [INFO] Sleep 2 second(s)
2022-07-19 17:41:53.514 [INFO] Get question detail for 如何看待伊朗拟推新法案禁止饲养宠物？: raw detail length 137
2022-07-19 17:41:53.850 [INFO] Sleep 2 second(s)
2022-07-19 17:41:56.672 [INFO] Get question detail for 《幸福到万家》中关涛对何幸福是什么情感？他是喜欢何幸福吗？: raw detail length 14
2022-07-19 17:41:56.987 [INFO] Sleep 2 second(s)
2022-07-19 17:41:59.641 [INFO] Get question detail for 为什么蚕丝可以做衣服，蜘蛛丝不可以？: raw detail length 3
2022-07-19 17:41:59.970 [INFO] Sleep 2 second(s)
2022-07-19 17:42:03.165 [INFO] Get question detail for 付出与回报不成正比的友谊，还要继续吗？: raw detail length 29
2022-07-19 17:42:03.486 [INFO] Sleep 2 second(s)
2022-07-19 17:42:06.162 [INFO] Get question detail for 俄气称遭「不可抗力」，将至少影响其对至少一家主要客户的天然气供应，哪些信息值得关注？: raw detail length 209
2022-07-19 17:42:06.495 [INFO] Sleep 2 second(s)
2022-07-19 17:42:09.976 [INFO] Get question detail for 如果可以在周杰伦的哥友会上点歌，你最想点哪首？: raw detail length 0
2022-07-19 17:42:10.635 [INFO] Sleep 446.31110310554504 second(s)
2022-07-19 17:49:36.947 [INFO] Begin crawling ...
2022-07-19 17:49:38.102 [INFO] Get 50 items: 马斯克表示「已将自己的大脑上传到云端」，,美国玛氏「彩虹糖」被指控可致人体 DNA,中日继续抛美债，中国持仓 12 年来首次,韩国整只炸鸡卖 3 万韩元，韩民众发起抵,克宫宣布「俄罗斯和伊朗将在双边交易中放弃,为什么空调的 26℃ 比室外的 26℃ ,如何看待广东外语外贸大学 2022 年分,四川一女子找工作不接受单休被 HR 骂「,外交部表示「中方要求美方不得安排佩洛西访,日本花滑名将羽生结弦宣布退役，将转战职业,余秀华前男友杨槠策直播连续自扇 100 ,「小天才」平板涉黄涉暴被京津冀消协约谈，,郑州银行称监管资金被挪用是「听招呼干活」,如何看待 2022 高考很多 985 大,韩「统一教」前世界会会长公开鞠躬道歉，承,水泥的寿命是 60-70 年，那么 70,社科院副院长称「中国人不仅给自己买房还给,韦正为易烊千玺事件发声后，李佳航李晟接连,为什么国内狗狗不能上公交地铁，国外却当作,中印双方举行第十六轮军长级会谈，双方从早,如何看待 2022 年部分省份同济大学录,如何看待不仅张小泉，双立人，苏泊尔，爱仕,如果美国放开芯片了，国产芯片怎么办？,小米 12S Ultra 销售火热，说明,为什么现在有一种论点是俄乌拖的越久对俄越,新疆麦趣尔再被强制执行，被执行总金额约 ,浙大副教授博士论文被判剽窃，目前其仍在任,如何看待苏州大学今年在江苏录取最低分数跌,为什么那么多人热衷于报考乡镇公务员？,如何看待中信证券投入 8 位分析师耗时数,游戏史上有哪些奇葩的翻译？,如何评价《新围棋少年》第 21 集，小明,怎么看待 Nodejs 中文文档收费一事,《灌篮高手》最大的败笔是什么？,张小泉负责人称或会研发拍蒜专用刀，你对该,邵阳学院回应花 1800 万引进 23 ,付出与回报不成正比的友谊，还要继续吗？,世纪佳缘「失联」高管「因个人涉嫌职务侵占,66 年前的 7 月 19 日，歼 -5,吴镇宇金像奖 11 提 0 中，吴费曼发,为什么蚕丝可以做衣服，蜘蛛丝不可以？,如果我看了《咒》，又看了《午夜凶铃》，那,如何看待伊朗拟推新法案禁止饲养宠物？,《幸福到万家》中关涛对何幸福是什么情感？,在高中阶段学习和友谊哪个更重要？,是不是高三的生活并没有电视和小说里那样轰,俄气称遭「不可抗力」，将至少影响其对至少,是选择重点高中的末尾，还是普通高中的的前,汉语会超越英语成为世界通用语吗？,女儿十分内向、胆小，缺乏勇气，怎样教育才
2022-07-19 17:49:38.102 [INFO] Sleep 2 second(s)
2022-07-19 17:49:40.654 [INFO] Get question detail for 马斯克表示「已将自己的大脑上传到云端」，脑机接口未来发展如何？: raw detail length 207
2022-07-19 17:49:40.976 [INFO] Sleep 2 second(s)
2022-07-19 17:49:43.659 [INFO] Get question detail for 美国玛氏「彩虹糖」被指控可致人体 DNA 发生改变，该说法有何依据？: raw detail length 209
2022-07-19 17:49:43.993 [INFO] Sleep 2 second(s)
2022-07-19 17:49:46.589 [INFO] Get question detail for 中日继续抛美债，中国持仓 12 年来首次跌破万亿美元，有哪些原因导致美国债吸引力下降？: raw detail length 219
2022-07-19 17:49:46.918 [INFO] Sleep 2 second(s)
2022-07-19 17:49:49.378 [INFO] Get question detail for 韩国整只炸鸡卖 3 万韩元，韩民众发起抵制，炸鸡价格过高的原因是什么？: raw detail length 205
2022-07-19 17:49:49.721 [INFO] Sleep 2 second(s)
2022-07-19 17:49:52.516 [INFO] Get question detail for 克宫宣布「俄罗斯和伊朗将在双边交易中放弃使用美元」，如何解读这一决定？: raw detail length 215
2022-07-19 17:49:52.859 [INFO] Sleep 2 second(s)
2022-07-19 17:49:55.459 [INFO] Get question detail for 为什么空调的 26℃ 比室外的 26℃ 更凉快？: raw detail length 0
2022-07-19 17:49:55.791 [INFO] Sleep 2 second(s)
2022-07-19 17:49:58.518 [INFO] Get question detail for 如何看待广东外语外贸大学 2022 年分数线暴跌？: raw detail length 43
2022-07-19 17:49:58.851 [INFO] Sleep 2 second(s)
2022-07-19 17:50:01.419 [INFO] Get question detail for 四川一女子找工作不接受单休被 HR 骂「我们不是请摆设，不是找小三」，如何看待该公司 HR 的言行？: raw detail length 206
2022-07-19 17:50:01.763 [INFO] Sleep 2 second(s)
2022-07-19 17:50:04.633 [INFO] Get question detail for 外交部表示「中方要求美方不得安排佩洛西访台」，若美方一意孤行，中方必采取坚决有力措施，释放了哪些信号？: raw detail length 203
2022-07-19 17:50:04.989 [INFO] Sleep 2 second(s)
2022-07-19 17:50:07.743 [INFO] Get question detail for 日本花滑名将羽生结弦宣布退役，将转战职业滑冰。如何评价他的职业生涯？: raw detail length 77
2022-07-19 17:50:08.070 [INFO] Sleep 2 second(s)
2022-07-19 17:50:10.713 [INFO] Get question detail for 余秀华前男友杨槠策直播连续自扇 100 多个耳光，称为反对网暴家暴，如何看待他的行为？: raw detail length 163
2022-07-19 17:50:11.042 [INFO] Sleep 2 second(s)
2022-07-19 17:50:14.134 [INFO] Get question detail for 「小天才」平板涉黄涉暴被京津冀消协约谈，如何看待儿童平板电脑出现涉黄涉暴问题？: raw detail length 206
2022-07-19 17:50:14.474 [INFO] Sleep 2 second(s)
2022-07-19 17:50:17.058 [INFO] Get question detail for 郑州银行称监管资金被挪用是「听招呼干活」，房管局回应「其说法不实」，如何看待此事？: raw detail length 207
2022-07-19 17:50:17.504 [INFO] Sleep 2 second(s)
2022-07-19 17:50:20.093 [INFO] Get question detail for 如何看待 2022 高考很多 985 大学在河南断档？: raw detail length 27
2022-07-19 17:50:20.425 [INFO] Sleep 2 second(s)
2022-07-19 17:50:22.936 [INFO] Get question detail for 韩「统一教」前世界会会长公开鞠躬道歉，承认对安倍之死负有责任，这意味着什么？: raw detail length 203
2022-07-19 17:50:23.266 [INFO] Sleep 2 second(s)
2022-07-19 17:50:25.946 [INFO] Get question detail for 水泥的寿命是 60-70 年，那么 70 年后的水利大坝会如何？: raw detail length 106
2022-07-19 17:50:26.268 [INFO] Sleep 2 second(s)
2022-07-19 17:50:28.823 [INFO] Get question detail for 社科院副院长称「中国人不仅给自己买房还给儿孙买房，这是中华血脉的独有气质」，如何评价这一观点？: raw detail length 133
2022-07-19 17:50:29.152 [INFO] Sleep 2 second(s)
2022-07-19 17:50:31.969 [INFO] Get question detail for 韦正为易烊千玺事件发声后，李佳航李晟接连发文，如何看待他们的行为？: raw detail length 202
2022-07-19 17:50:32.288 [INFO] Sleep 2 second(s)
2022-07-19 17:50:34.729 [INFO] Get question detail for 为什么国内狗狗不能上公交地铁，国外却当作习以为常？: raw detail length 102
2022-07-19 17:50:35.071 [INFO] Sleep 2 second(s)
2022-07-19 17:50:37.680 [INFO] Get question detail for 中印双方举行第十六轮军长级会谈，双方从早九点谈到晚十点，有哪些信息值得关注？: raw detail length 205
2022-07-19 17:50:37.999 [INFO] Sleep 2 second(s)
2022-07-19 17:50:40.796 [INFO] Get question detail for 如何看待 2022 年部分省份同济大学录取分数线大跳水？: raw detail length 2
2022-07-19 17:50:41.126 [INFO] Sleep 2 second(s)
2022-07-19 17:50:45.399 [INFO] Get question detail for 如何看待不仅张小泉，双立人，苏泊尔，爱仕达都回复说，菜刀不能拍蒜。从专业角度，合理吗？如何合理选厨具？: raw detail length 19
2022-07-19 17:50:45.736 [INFO] Sleep 2 second(s)
2022-07-19 17:50:48.541 [INFO] Get question detail for 如果美国放开芯片了，国产芯片怎么办？: raw detail length 0
2022-07-19 17:50:48.865 [INFO] Sleep 2 second(s)
2022-07-19 17:50:51.400 [INFO] Get question detail for 小米 12S Ultra 销售火热，说明了什么？: raw detail length 0
2022-07-19 17:50:51.721 [INFO] Sleep 2 second(s)
2022-07-19 17:50:54.470 [INFO] Get question detail for 为什么现在有一种论点是俄乌拖的越久对俄越有利？: raw detail length 0
2022-07-19 17:50:54.807 [INFO] Sleep 2 second(s)
2022-07-19 17:50:57.573 [INFO] Get question detail for 新疆麦趣尔再被强制执行，被执行总金额约 6.66 亿，具体情况如何？给食品安全带来哪些警示？: raw detail length 174
2022-07-19 17:50:57.889 [INFO] Sleep 2 second(s)
2022-07-19 17:51:00.643 [INFO] Get question detail for 浙大副教授博士论文被判剽窃，目前其仍在任教，被剽窃者称「他抄到最后一字不改」，有哪些信息值得关注？: raw detail length 203
2022-07-19 17:51:00.995 [INFO] Sleep 2 second(s)
2022-07-19 17:51:03.484 [INFO] Get question detail for 如何看待苏州大学今年在江苏录取最低分数跌破 4w 名？: raw detail length 68
2022-07-19 17:51:03.807 [INFO] Sleep 2 second(s)
2022-07-19 17:51:06.568 [INFO] Get question detail for 为什么那么多人热衷于报考乡镇公务员？: raw detail length 26
2022-07-19 17:51:06.908 [INFO] Sleep 2 second(s)
2022-07-19 17:51:09.992 [INFO] Get question detail for 如何看待中信证券投入 8 位分析师耗时数月拆 30 万特斯拉，写了份 94 页研报？ 此举有何意义？: raw detail length 213
2022-07-19 17:51:10.313 [INFO] Sleep 2 second(s)
2022-07-19 17:51:13.073 [INFO] Get question detail for 游戏史上有哪些奇葩的翻译？: raw detail length 24
2022-07-19 17:51:13.408 [INFO] Sleep 2 second(s)
2022-07-19 17:51:15.952 [INFO] Get question detail for 如何评价《新围棋少年》第 21 集，小明皇封方百花为公主和亲蒙古可汗?: raw detail length 0
2022-07-19 17:51:16.283 [INFO] Sleep 2 second(s)
2022-07-19 17:51:18.994 [INFO] Get question detail for 怎么看待 Nodejs 中文文档收费一事？: raw detail length 22
2022-07-19 17:51:19.330 [INFO] Sleep 2 second(s)
2022-07-19 17:51:22.075 [INFO] Get question detail for 《灌篮高手》最大的败笔是什么？: raw detail length 199
2022-07-19 17:51:22.407 [INFO] Sleep 2 second(s)
2022-07-19 17:51:24.949 [INFO] Get question detail for 张小泉负责人称或会研发拍蒜专用刀，你对该公司这一行为有何评价？: raw detail length 148
2022-07-19 17:51:25.292 [INFO] Sleep 2 second(s)
2022-07-19 17:51:27.953 [INFO] Get question detail for 邵阳学院回应花 1800 万引进 23 名菲律宾博士，称「已关注到争议」，这样的人才引进方式妥当吗？: raw detail length 209
2022-07-19 17:51:28.300 [INFO] Sleep 2 second(s)
2022-07-19 17:51:30.836 [INFO] Get question detail for 付出与回报不成正比的友谊，还要继续吗？: raw detail length 29
2022-07-19 17:51:31.154 [INFO] Sleep 2 second(s)
2022-07-19 17:51:33.928 [INFO] Get question detail for 世纪佳缘「失联」高管「因个人涉嫌职务侵占」已被拘留，大股东复星主动报案，对公司会造成什么影响？: raw detail length 208
2022-07-19 17:51:34.261 [INFO] Sleep 2 second(s)
2022-07-19 17:51:36.911 [INFO] Get question detail for 66 年前的 7 月 19 日，歼 -5 首飞成功。你了解中国歼击机发展史吗？对哪架国产歼击机最感兴趣？: raw detail length 136
2022-07-19 17:51:37.253 [INFO] Sleep 2 second(s)
2022-07-19 17:51:39.953 [INFO] Get question detail for 吴镇宇金像奖 11 提 0 中，吴费曼发文「恭喜无蒸鱼获最佳陪跑和最佳冷门奖」，这样的父子情你慕了吗？: raw detail length 119
2022-07-19 17:51:40.279 [INFO] Sleep 2 second(s)
2022-07-19 17:51:42.919 [INFO] Get question detail for 为什么蚕丝可以做衣服，蜘蛛丝不可以？: raw detail length 3
2022-07-19 17:51:43.253 [INFO] Sleep 2 second(s)
2022-07-19 17:51:45.863 [INFO] Get question detail for 如果我看了《咒》，又看了《午夜凶铃》，那么贞子和大黑佛母会打起来吗？: raw detail length 28
2022-07-19 17:51:46.202 [INFO] Sleep 2 second(s)
2022-07-19 17:51:48.963 [INFO] Get question detail for 如何看待伊朗拟推新法案禁止饲养宠物？: raw detail length 137
2022-07-19 17:51:49.297 [INFO] Sleep 2 second(s)
2022-07-19 17:51:51.888 [INFO] Get question detail for 《幸福到万家》中关涛对何幸福是什么情感？他是喜欢何幸福吗？: raw detail length 14
2022-07-19 17:51:52.223 [INFO] Sleep 2 second(s)
2022-07-19 17:51:54.732 [INFO] Get question detail for 在高中阶段学习和友谊哪个更重要？: raw detail length 0
2022-07-19 17:51:55.058 [INFO] Sleep 2 second(s)
2022-07-19 17:51:57.583 [INFO] Get question detail for 是不是高三的生活并没有电视和小说里那样轰轰烈烈？: raw detail length 194
2022-07-19 17:51:57.922 [INFO] Sleep 2 second(s)
2022-07-19 17:52:00.616 [INFO] Get question detail for 俄气称遭「不可抗力」，将至少影响其对至少一家主要客户的天然气供应，哪些信息值得关注？: raw detail length 209
2022-07-19 17:52:00.948 [INFO] Sleep 2 second(s)
2022-07-19 17:52:03.603 [INFO] Get question detail for 是选择重点高中的末尾，还是普通高中的的前几?: raw detail length 0
2022-07-19 17:52:03.939 [INFO] Sleep 2 second(s)
2022-07-19 17:52:06.937 [INFO] Get question detail for 汉语会超越英语成为世界通用语吗？: raw detail length 0
2022-07-19 17:52:07.264 [INFO] Sleep 2 second(s)
2022-07-19 17:52:09.759 [INFO] Get question detail for 女儿十分内向、胆小，缺乏勇气，怎样教育才能让她勇敢大方？: raw detail length 72
2022-07-19 17:52:10.422 [INFO] Sleep 446.5249242782593 second(s)
2022-07-19 17:59:36.948 [INFO] Begin crawling ...
2022-07-19 17:59:38.025 [INFO] Get 50 items: 马斯克表示「已将自己的大脑上传到云端」，,中日继续抛美债，中国持仓 12 年来首次,美国玛氏「彩虹糖」被指控可致人体 DNA,外交部表示「中方要求美方不得安排佩洛西访,韩国整只炸鸡卖 3 万韩元，韩民众发起抵,为什么空调的 26℃ 比室外的 26℃ ,如何看待广东外语外贸大学 2022 年分,四川一女子找工作不接受单休被 HR 骂「,郑州银行称监管资金被挪用是「听招呼干活」,日本花滑名将羽生结弦宣布退役，将转战职业,余秀华前男友杨槠策直播连续自扇 100 ,「小天才」平板涉黄涉暴被京津冀消协约谈，,如何看待 2022 高考很多 985 大,克宫宣布「俄罗斯和伊朗将在双边交易中放弃,韩「统一教」前世界会会长公开鞠躬道歉，承,水泥的寿命是 60-70 年，那么 70,社科院副院长称「中国人不仅给自己买房还给,韦正为易烊千玺事件发声后，李佳航李晟接连,为什么国内狗狗不能上公交地铁，国外却当作,世纪佳缘「失联」高管「因个人涉嫌职务侵占,如何看待 2022 年部分省份同济大学录,如何看待不仅张小泉，双立人，苏泊尔，爱仕,如果美国放开芯片了，国产芯片怎么办？,小米 12S Ultra 销售火热，说明,为什么现在有一种论点是俄乌拖的越久对俄越,新疆麦趣尔再被强制执行，被执行总金额约 ,浙大副教授博士论文被判剽窃，目前其仍在任,如何看待苏州大学今年在江苏录取最低分数跌,为什么那么多人热衷于报考乡镇公务员？,如何看待中信证券投入 8 位分析师耗时数,游戏史上有哪些奇葩的翻译？,如何评价《新围棋少年》第 21 集，小明,《灌篮高手》最大的败笔是什么？,张小泉负责人称或会研发拍蒜专用刀，你对该,丘吉尔的战斗到底政策对英国是利大于弊还是,蚕丝可以做衣服，蜘蛛丝可以吗？两者有何区,付出与回报不成正比的友谊，还要继续吗？,邵阳学院回应花 1800 万引进 23 ,如果我看了《咒》，又看了《午夜凶铃》，那,66 年前的 7 月 19 日，歼 -5,吴镇宇金像奖 11 提 0 中，吴费曼发,在高中阶段学习和友谊哪个更重要？,中印双方举行第十六轮军长级会谈，双方从早,是不是高三的生活并没有电视和小说里那样轰,如何看待伊朗拟推新法案禁止饲养宠物？,《幸福到万家》中关涛对何幸福是什么情感？,汉语会超越英语成为世界通用语吗？,怎么看待 Nodejs 中文文档收费一事,俄气称遭「不可抗力」，将至少影响其对至少,英媒称佩洛西计划在 8 月访台，这透露了
2022-07-19 17:59:38.025 [INFO] Sleep 2 second(s)
2022-07-19 17:59:40.661 [INFO] Get question detail for 马斯克表示「已将自己的大脑上传到云端」，脑机接口未来发展如何？: raw detail length 207
2022-07-19 17:59:40.988 [INFO] Sleep 2 second(s)
2022-07-19 17:59:43.933 [INFO] Get question detail for 中日继续抛美债，中国持仓 12 年来首次跌破万亿美元，有哪些原因导致美国债吸引力下降？: raw detail length 219
2022-07-19 17:59:44.271 [INFO] Sleep 2 second(s)
2022-07-19 17:59:47.041 [INFO] Get question detail for 美国玛氏「彩虹糖」被指控可致人体 DNA 发生改变，该说法有何依据？: raw detail length 209
2022-07-19 17:59:47.375 [INFO] Sleep 2 second(s)
2022-07-19 17:59:49.946 [INFO] Get question detail for 外交部表示「中方要求美方不得安排佩洛西访台」，若美方一意孤行，中方必采取坚决有力措施，释放了哪些信号？: raw detail length 203
2022-07-19 17:59:50.396 [INFO] Sleep 2 second(s)
2022-07-19 17:59:53.015 [INFO] Get question detail for 韩国整只炸鸡卖 3 万韩元，韩民众发起抵制，炸鸡价格过高的原因是什么？: raw detail length 205
2022-07-19 17:59:53.354 [INFO] Sleep 2 second(s)
2022-07-19 17:59:55.960 [INFO] Get question detail for 为什么空调的 26℃ 比室外的 26℃ 更凉快？: raw detail length 0
2022-07-19 17:59:56.293 [INFO] Sleep 2 second(s)
2022-07-19 17:59:59.015 [INFO] Get question detail for 如何看待广东外语外贸大学 2022 年分数线暴跌？: raw detail length 43
2022-07-19 17:59:59.334 [INFO] Sleep 2 second(s)
2022-07-19 18:00:01.946 [INFO] Get question detail for 四川一女子找工作不接受单休被 HR 骂「我们不是请摆设，不是找小三」，如何看待该公司 HR 的言行？: raw detail length 206
2022-07-19 18:00:02.289 [INFO] Sleep 2 second(s)
2022-07-19 18:00:04.803 [INFO] Get question detail for 郑州银行称监管资金被挪用是「听招呼干活」，房管局回应「其说法不实」，如何看待此事？: raw detail length 207
2022-07-19 18:00:05.140 [INFO] Sleep 2 second(s)
2022-07-19 18:00:07.927 [INFO] Get question detail for 日本花滑名将羽生结弦宣布退役，将转战职业滑冰。如何评价他的职业生涯？: raw detail length 77
2022-07-19 18:00:08.283 [INFO] Sleep 2 second(s)
2022-07-19 18:00:10.857 [INFO] Get question detail for 余秀华前男友杨槠策直播连续自扇 100 多个耳光，称为反对网暴家暴，如何看待他的行为？: raw detail length 163
2022-07-19 18:00:11.191 [INFO] Sleep 2 second(s)
2022-07-19 18:00:13.851 [INFO] Get question detail for 「小天才」平板涉黄涉暴被京津冀消协约谈，如何看待儿童平板电脑出现涉黄涉暴问题？: raw detail length 206
2022-07-19 18:00:14.171 [INFO] Sleep 2 second(s)
2022-07-19 18:00:16.790 [INFO] Get question detail for 如何看待 2022 高考很多 985 大学在河南断档？: raw detail length 27
2022-07-19 18:00:17.132 [INFO] Sleep 2 second(s)
2022-07-19 18:00:20.004 [INFO] Get question detail for 克宫宣布「俄罗斯和伊朗将在双边交易中放弃使用美元」，如何解读这一决定？: raw detail length 215
2022-07-19 18:00:20.347 [INFO] Sleep 2 second(s)
2022-07-19 18:00:23.071 [INFO] Get question detail for 韩「统一教」前世界会会长公开鞠躬道歉，承认对安倍之死负有责任，这意味着什么？: raw detail length 203
2022-07-19 18:00:23.404 [INFO] Sleep 2 second(s)
2022-07-19 18:00:26.030 [INFO] Get question detail for 水泥的寿命是 60-70 年，那么 70 年后的水利大坝会如何？: raw detail length 106
2022-07-19 18:00:26.368 [INFO] Sleep 2 second(s)
2022-07-19 18:00:29.071 [INFO] Get question detail for 社科院副院长称「中国人不仅给自己买房还给儿孙买房，这是中华血脉的独有气质」，如何评价这一观点？: raw detail length 133
2022-07-19 18:00:29.390 [INFO] Sleep 2 second(s)
2022-07-19 18:00:31.986 [INFO] Get question detail for 韦正为易烊千玺事件发声后，李佳航李晟接连发文，如何看待他们的行为？: raw detail length 202
2022-07-19 18:00:32.305 [INFO] Sleep 2 second(s)
2022-07-19 18:00:35.174 [INFO] Get question detail for 为什么国内狗狗不能上公交地铁，国外却当作习以为常？: raw detail length 102
2022-07-19 18:00:35.510 [INFO] Sleep 2 second(s)
2022-07-19 18:00:38.096 [INFO] Get question detail for 世纪佳缘「失联」高管「因个人涉嫌职务侵占」已被拘留，大股东复星主动报案，对公司会造成什么影响？: raw detail length 208
2022-07-19 18:00:38.429 [INFO] Sleep 2 second(s)
2022-07-19 18:00:41.186 [INFO] Get question detail for 如何看待 2022 年部分省份同济大学录取分数线大跳水？: raw detail length 2
2022-07-19 18:00:41.524 [INFO] Sleep 2 second(s)
2022-07-19 18:00:44.188 [INFO] Get question detail for 如何看待不仅张小泉，双立人，苏泊尔，爱仕达都回复说，菜刀不能拍蒜。从专业角度，合理吗？如何合理选厨具？: raw detail length 19
2022-07-19 18:00:44.535 [INFO] Sleep 2 second(s)
2022-07-19 18:00:47.413 [INFO] Get question detail for 如果美国放开芯片了，国产芯片怎么办？: raw detail length 0
2022-07-19 18:00:47.744 [INFO] Sleep 2 second(s)
2022-07-19 18:00:50.456 [INFO] Get question detail for 小米 12S Ultra 销售火热，说明了什么？: raw detail length 0
2022-07-19 18:00:50.805 [INFO] Sleep 2 second(s)
2022-07-19 18:00:53.657 [INFO] Get question detail for 为什么现在有一种论点是俄乌拖的越久对俄越有利？: raw detail length 0
2022-07-19 18:00:53.976 [INFO] Sleep 2 second(s)
2022-07-19 18:00:56.525 [INFO] Get question detail for 新疆麦趣尔再被强制执行，被执行总金额约 6.66 亿，具体情况如何？给食品安全带来哪些警示？: raw detail length 174
2022-07-19 18:00:56.850 [INFO] Sleep 2 second(s)
2022-07-19 18:00:59.418 [INFO] Get question detail for 浙大副教授博士论文被判剽窃，目前其仍在任教，被剽窃者称「他抄到最后一字不改」，有哪些信息值得关注？: raw detail length 203
2022-07-19 18:00:59.755 [INFO] Sleep 2 second(s)
2022-07-19 18:01:02.631 [INFO] Get question detail for 如何看待苏州大学今年在江苏录取最低分数跌破 4w 名？: raw detail length 68
2022-07-19 18:01:02.956 [INFO] Sleep 2 second(s)
2022-07-19 18:01:05.609 [INFO] Get question detail for 为什么那么多人热衷于报考乡镇公务员？: raw detail length 26
2022-07-19 18:01:05.926 [INFO] Sleep 2 second(s)
2022-07-19 18:01:08.774 [INFO] Get question detail for 如何看待中信证券投入 8 位分析师耗时数月拆 30 万特斯拉，写了份 94 页研报？ 此举有何意义？: raw detail length 213
2022-07-19 18:01:09.104 [INFO] Sleep 2 second(s)
2022-07-19 18:01:11.983 [INFO] Get question detail for 游戏史上有哪些奇葩的翻译？: raw detail length 24
2022-07-19 18:01:12.315 [INFO] Sleep 2 second(s)
2022-07-19 18:01:14.814 [INFO] Get question detail for 如何评价《新围棋少年》第 21 集，小明皇封方百花为公主和亲蒙古可汗?: raw detail length 0
2022-07-19 18:01:15.183 [INFO] Sleep 2 second(s)
2022-07-19 18:01:17.852 [INFO] Get question detail for 《灌篮高手》最大的败笔是什么？: raw detail length 199
2022-07-19 18:01:18.186 [INFO] Sleep 2 second(s)
2022-07-19 18:01:20.663 [INFO] Get question detail for 张小泉负责人称或会研发拍蒜专用刀，你对该公司这一行为有何评价？: raw detail length 148
2022-07-19 18:01:21.007 [INFO] Sleep 2 second(s)
2022-07-19 18:01:23.557 [INFO] Get question detail for 丘吉尔的战斗到底政策对英国是利大于弊还是弊大于利？: raw detail length 201
2022-07-19 18:01:23.887 [INFO] Sleep 2 second(s)
2022-07-19 18:01:26.690 [INFO] Get question detail for 蚕丝可以做衣服，蜘蛛丝可以吗？两者有何区别？: raw detail length 3
2022-07-19 18:01:27.113 [INFO] Sleep 2 second(s)
2022-07-19 18:01:29.647 [INFO] Get question detail for 付出与回报不成正比的友谊，还要继续吗？: raw detail length 29
2022-07-19 18:01:29.968 [INFO] Sleep 2 second(s)
2022-07-19 18:01:32.845 [INFO] Get question detail for 邵阳学院回应花 1800 万引进 23 名菲律宾博士，称「已关注到争议」，这样的人才引进方式妥当吗？: raw detail length 209
2022-07-19 18:01:34.197 [INFO] Sleep 2 second(s)
2022-07-19 18:01:36.729 [INFO] Get question detail for 如果我看了《咒》，又看了《午夜凶铃》，那么贞子和大黑佛母会打起来吗？: raw detail length 28
2022-07-19 18:01:37.096 [INFO] Sleep 2 second(s)
2022-07-19 18:01:39.671 [INFO] Get question detail for 66 年前的 7 月 19 日，歼 -5 首飞成功。你了解中国歼击机发展史吗？对哪架国产歼击机最感兴趣？: raw detail length 136
2022-07-19 18:01:40.008 [INFO] Sleep 2 second(s)
2022-07-19 18:01:42.662 [INFO] Get question detail for 吴镇宇金像奖 11 提 0 中，吴费曼发文「恭喜无蒸鱼获最佳陪跑和最佳冷门奖」，这样的父子情你慕了吗？: raw detail length 119
2022-07-19 18:01:42.999 [INFO] Sleep 2 second(s)
2022-07-19 18:01:46.060 [INFO] Get question detail for 在高中阶段学习和友谊哪个更重要？: raw detail length 0
2022-07-19 18:01:46.396 [INFO] Sleep 2 second(s)
2022-07-19 18:01:48.942 [INFO] Get question detail for 中印双方举行第十六轮军长级会谈，双方从早九点谈到晚十点，有哪些信息值得关注？: raw detail length 205
2022-07-19 18:01:49.284 [INFO] Sleep 2 second(s)
2022-07-19 18:01:52.055 [INFO] Get question detail for 是不是高三的生活并没有电视和小说里那样轰轰烈烈？: raw detail length 194
2022-07-19 18:01:52.396 [INFO] Sleep 2 second(s)
2022-07-19 18:01:55.097 [INFO] Get question detail for 如何看待伊朗拟推新法案禁止饲养宠物？: raw detail length 137
2022-07-19 18:01:55.446 [INFO] Sleep 2 second(s)
2022-07-19 18:01:58.052 [INFO] Get question detail for 《幸福到万家》中关涛对何幸福是什么情感？他是喜欢何幸福吗？: raw detail length 14
2022-07-19 18:01:58.680 [INFO] Sleep 2 second(s)
2022-07-19 18:02:01.202 [INFO] Get question detail for 汉语会超越英语成为世界通用语吗？: raw detail length 0
2022-07-19 18:02:01.541 [INFO] Sleep 2 second(s)
2022-07-19 18:02:04.067 [INFO] Get question detail for 怎么看待 Nodejs 中文文档收费一事？: raw detail length 22
2022-07-19 18:02:04.401 [INFO] Sleep 2 second(s)
2022-07-19 18:02:07.004 [INFO] Get question detail for 俄气称遭「不可抗力」，将至少影响其对至少一家主要客户的天然气供应，哪些信息值得关注？: raw detail length 209
2022-07-19 18:02:07.341 [INFO] Sleep 2 second(s)
2022-07-19 18:02:09.835 [INFO] Get question detail for 英媒称佩洛西计划在 8 月访台，这透露了哪些信息？: raw detail length 209
2022-07-19 18:02:10.494 [INFO] Sleep 446.4541051387787 second(s)
2022-07-19 18:09:36.949 [INFO] Begin crawling ...
2022-07-19 18:09:37.877 [INFO] Get 50 items: 马斯克表示「已将自己的大脑上传到云端」，,中日继续抛美债，中国持仓 12 年来首次,美国玛氏「彩虹糖」被指控可致人体 DNA,外交部表示「中方要求美方不得安排佩洛西访,韩国整只炸鸡卖 3 万韩元，韩民众发起抵,郑州银行称监管资金被挪用是「听招呼干活」,如何看待广东外语外贸大学 2022 年分,为什么空调的 26℃ 比室外的 26℃ ,四川一女子找工作不接受单休被 HR 骂「,日本花滑名将羽生结弦宣布退役，将转战职业,余秀华前男友杨槠策直播连续自扇 100 ,「小天才」平板涉黄涉暴被京津冀消协约谈，,如何看待 2022 高考很多 985 大,韩「统一教」前世界会会长公开鞠躬道歉，承,世纪佳缘「失联」高管「因个人涉嫌职务侵占,水泥的寿命是 60-70 年，那么 70,社科院副院长称「中国人不仅给自己买房还给,韦正为易烊千玺事件发声后，李佳航李晟接连,为什么国内狗狗不能上公交地铁，国外却当作,如果美国放开芯片了，国产芯片怎么办？,如何看待 2022 年部分省份同济大学录,如何看待不仅张小泉，双立人，苏泊尔，爱仕,克宫宣布「俄罗斯和伊朗将在双边交易中放弃,为什么现在有一种论点是俄乌拖的越久对俄越,吴镇宇金像奖 11 提 0 中，吴费曼发,新疆麦趣尔再被强制执行，被执行总金额约 ,小米 12S Ultra 销售火热，说明,浙大副教授博士论文被判剽窃，目前其仍在任,如何看待苏州大学今年在江苏录取最低分数跌,为什么那么多人热衷于报考乡镇公务员？,如何看待中信证券投入 8 位分析师耗时数,游戏史上有哪些奇葩的翻译？,如何评价《新围棋少年》第 21 集，小明,张小泉负责人称或会研发拍蒜专用刀，你对该,《灌篮高手》最大的败笔是什么？,丘吉尔的战斗到底政策对英国是利大于弊还是,蚕丝可以做衣服，蜘蛛丝可以吗？两者有何区,在高中阶段学习和友谊哪个更重要？,是不是高三的生活并没有电视和小说里那样轰,66 年前的 7 月 19 日，歼 -5,汉语会超越英语成为世界通用语吗？,付出与回报不成正比的友谊，还要继续吗？,英媒称佩洛西计划在 8 月访台，这透露了,女儿十分内向、胆小，缺乏勇气，怎样教育才,如何看待伊朗拟推新法案禁止饲养宠物？,怎样才能把家装修成「星级酒店」的样子?,所以初中的友谊真的坚持不了多久吗？,男子因病未打新冠疫苗求职遭拒，招聘企业回,俄气称遭「不可抗力」，将至少影响其对至少,有什么好看的纪录片值得推荐？
2022-07-19 18:09:37.878 [INFO] Sleep 2 second(s)
2022-07-19 18:09:40.550 [INFO] Get question detail for 马斯克表示「已将自己的大脑上传到云端」，脑机接口未来发展如何？: raw detail length 207
2022-07-19 18:09:40.880 [INFO] Sleep 2 second(s)
2022-07-19 18:09:43.521 [INFO] Get question detail for 中日继续抛美债，中国持仓 12 年来首次跌破万亿美元，有哪些原因导致美国债吸引力下降？: raw detail length 219
2022-07-19 18:09:43.845 [INFO] Sleep 2 second(s)
2022-07-19 18:09:46.617 [INFO] Get question detail for 美国玛氏「彩虹糖」被指控可致人体 DNA 发生改变，该说法有何依据？: raw detail length 209
2022-07-19 18:09:46.948 [INFO] Sleep 2 second(s)
2022-07-19 18:09:49.493 [INFO] Get question detail for 外交部表示「中方要求美方不得安排佩洛西访台」，若美方一意孤行，中方必采取坚决有力措施，释放了哪些信号？: raw detail length 203
2022-07-19 18:09:49.859 [INFO] Sleep 2 second(s)
2022-07-19 18:09:52.600 [INFO] Get question detail for 韩国整只炸鸡卖 3 万韩元，韩民众发起抵制，炸鸡价格过高的原因是什么？: raw detail length 205
2022-07-19 18:09:52.940 [INFO] Sleep 2 second(s)
2022-07-19 18:09:55.559 [INFO] Get question detail for 郑州银行称监管资金被挪用是「听招呼干活」，房管局回应「其说法不实」，如何看待此事？: raw detail length 207
2022-07-19 18:09:55.887 [INFO] Sleep 2 second(s)
2022-07-19 18:09:58.709 [INFO] Get question detail for 如何看待广东外语外贸大学 2022 年分数线暴跌？: raw detail length 43
2022-07-19 18:09:59.079 [INFO] Sleep 2 second(s)
2022-07-19 18:10:01.733 [INFO] Get question detail for 为什么空调的 26℃ 比室外的 26℃ 更凉快？: raw detail length 0
2022-07-19 18:10:02.067 [INFO] Sleep 2 second(s)
2022-07-19 18:10:04.710 [INFO] Get question detail for 四川一女子找工作不接受单休被 HR 骂「我们不是请摆设，不是找小三」，如何看待该公司 HR 的言行？: raw detail length 206
2022-07-19 18:10:05.050 [INFO] Sleep 2 second(s)
2022-07-19 18:10:07.723 [INFO] Get question detail for 日本花滑名将羽生结弦宣布退役，将转战职业滑冰。如何评价他的职业生涯？: raw detail length 77
2022-07-19 18:10:08.064 [INFO] Sleep 2 second(s)
2022-07-19 18:10:10.585 [INFO] Get question detail for 余秀华前男友杨槠策直播连续自扇 100 多个耳光，称为反对网暴家暴，如何看待他的行为？: raw detail length 163
2022-07-19 18:10:10.918 [INFO] Sleep 2 second(s)
2022-07-19 18:10:13.542 [INFO] Get question detail for 「小天才」平板涉黄涉暴被京津冀消协约谈，如何看待儿童平板电脑出现涉黄涉暴问题？: raw detail length 206
2022-07-19 18:10:13.879 [INFO] Sleep 2 second(s)
2022-07-19 18:10:16.351 [INFO] Get question detail for 如何看待 2022 高考很多 985 大学在河南断档？: raw detail length 27
2022-07-19 18:10:16.702 [INFO] Sleep 2 second(s)
2022-07-19 18:10:19.341 [INFO] Get question detail for 韩「统一教」前世界会会长公开鞠躬道歉，承认对安倍之死负有责任，这意味着什么？: raw detail length 203
2022-07-19 18:10:19.683 [INFO] Sleep 2 second(s)
2022-07-19 18:10:22.398 [INFO] Get question detail for 世纪佳缘「失联」高管「因个人涉嫌职务侵占」已被拘留，大股东复星主动报案，对公司会造成什么影响？: raw detail length 208
2022-07-19 18:10:22.725 [INFO] Sleep 2 second(s)
2022-07-19 18:10:25.444 [INFO] Get question detail for 水泥的寿命是 60-70 年，那么 70 年后的水利大坝会如何？: raw detail length 106
2022-07-19 18:10:25.782 [INFO] Sleep 2 second(s)
2022-07-19 18:10:28.561 [INFO] Get question detail for 社科院副院长称「中国人不仅给自己买房还给儿孙买房，这是中华血脉的独有气质」，如何评价这一观点？: raw detail length 133
2022-07-19 18:10:28.891 [INFO] Sleep 2 second(s)
2022-07-19 18:10:31.508 [INFO] Get question detail for 韦正为易烊千玺事件发声后，李佳航李晟接连发文，如何看待他们的行为？: raw detail length 202
2022-07-19 18:10:31.849 [INFO] Sleep 2 second(s)
2022-07-19 18:10:34.457 [INFO] Get question detail for 为什么国内狗狗不能上公交地铁，国外却当作习以为常？: raw detail length 102
2022-07-19 18:10:34.788 [INFO] Sleep 2 second(s)
2022-07-19 18:10:37.723 [INFO] Get question detail for 如果美国放开芯片了，国产芯片怎么办？: raw detail length 0
2022-07-19 18:10:38.068 [INFO] Sleep 2 second(s)
2022-07-19 18:10:40.756 [INFO] Get question detail for 如何看待 2022 年部分省份同济大学录取分数线大跳水？: raw detail length 2
2022-07-19 18:10:41.334 [INFO] Sleep 2 second(s)
2022-07-19 18:10:43.905 [INFO] Get question detail for 如何看待不仅张小泉，双立人，苏泊尔，爱仕达都回复说，菜刀不能拍蒜。从专业角度，合理吗？如何合理选厨具？: raw detail length 19
2022-07-19 18:10:44.237 [INFO] Sleep 2 second(s)
2022-07-19 18:10:46.938 [INFO] Get question detail for 克宫宣布「俄罗斯和伊朗将在双边交易中放弃使用美元」，如何解读这一决定？: raw detail length 215
2022-07-19 18:10:47.293 [INFO] Sleep 2 second(s)
2022-07-19 18:10:49.799 [INFO] Get question detail for 为什么现在有一种论点是俄乌拖的越久对俄越有利？: raw detail length 0
2022-07-19 18:10:50.125 [INFO] Sleep 2 second(s)
2022-07-19 18:10:52.813 [INFO] Get question detail for 吴镇宇金像奖 11 提 0 中，吴费曼发文「恭喜无蒸鱼获最佳陪跑和最佳冷门奖」，这样的父子情你慕了吗？: raw detail length 119
2022-07-19 18:10:53.147 [INFO] Sleep 2 second(s)
2022-07-19 18:10:55.842 [INFO] Get question detail for 新疆麦趣尔再被强制执行，被执行总金额约 6.66 亿，具体情况如何？给食品安全带来哪些警示？: raw detail length 174
2022-07-19 18:10:56.179 [INFO] Sleep 2 second(s)
2022-07-19 18:10:58.735 [INFO] Get question detail for 小米 12S Ultra 销售火热，说明了什么？: raw detail length 0
2022-07-19 18:10:59.084 [INFO] Sleep 2 second(s)
2022-07-19 18:11:01.602 [INFO] Get question detail for 浙大副教授博士论文被判剽窃，目前其仍在任教，被剽窃者称「他抄到最后一字不改」，有哪些信息值得关注？: raw detail length 203
2022-07-19 18:11:01.948 [INFO] Sleep 2 second(s)
2022-07-19 18:11:04.759 [INFO] Get question detail for 如何看待苏州大学今年在江苏录取最低分数跌破 4w 名？: raw detail length 68
2022-07-19 18:11:05.099 [INFO] Sleep 2 second(s)
2022-07-19 18:11:07.683 [INFO] Get question detail for 为什么那么多人热衷于报考乡镇公务员？: raw detail length 26
2022-07-19 18:11:08.006 [INFO] Sleep 2 second(s)
2022-07-19 18:11:10.647 [INFO] Get question detail for 如何看待中信证券投入 8 位分析师耗时数月拆 30 万特斯拉，写了份 94 页研报？ 此举有何意义？: raw detail length 213
2022-07-19 18:11:10.977 [INFO] Sleep 2 second(s)
2022-07-19 18:11:13.867 [INFO] Get question detail for 游戏史上有哪些奇葩的翻译？: raw detail length 24
2022-07-19 18:11:14.207 [INFO] Sleep 2 second(s)
2022-07-19 18:11:16.829 [INFO] Get question detail for 如何评价《新围棋少年》第 21 集，小明皇封方百花为公主和亲蒙古可汗?: raw detail length 0
2022-07-19 18:11:17.174 [INFO] Sleep 2 second(s)
2022-07-19 18:11:19.667 [INFO] Get question detail for 张小泉负责人称或会研发拍蒜专用刀，你对该公司这一行为有何评价？: raw detail length 148
2022-07-19 18:11:20.013 [INFO] Sleep 2 second(s)
2022-07-19 18:11:22.785 [INFO] Get question detail for 《灌篮高手》最大的败笔是什么？: raw detail length 199
2022-07-19 18:11:23.108 [INFO] Sleep 2 second(s)
2022-07-19 18:11:25.727 [INFO] Get question detail for 丘吉尔的战斗到底政策对英国是利大于弊还是弊大于利？: raw detail length 201
2022-07-19 18:11:26.055 [INFO] Sleep 2 second(s)
2022-07-19 18:11:28.794 [INFO] Get question detail for 蚕丝可以做衣服，蜘蛛丝可以吗？两者有何区别？: raw detail length 3
2022-07-19 18:11:29.129 [INFO] Sleep 2 second(s)
2022-07-19 18:11:31.757 [INFO] Get question detail for 在高中阶段学习和友谊哪个更重要？: raw detail length 0
2022-07-19 18:11:32.094 [INFO] Sleep 2 second(s)
2022-07-19 18:11:34.974 [INFO] Get question detail for 是不是高三的生活并没有电视和小说里那样轰轰烈烈？: raw detail length 194
2022-07-19 18:11:35.303 [INFO] Sleep 2 second(s)
2022-07-19 18:11:37.899 [INFO] Get question detail for 66 年前的 7 月 19 日，歼 -5 首飞成功。你了解中国歼击机发展史吗？对哪架国产歼击机最感兴趣？: raw detail length 136
2022-07-19 18:11:38.228 [INFO] Sleep 2 second(s)
2022-07-19 18:11:40.878 [INFO] Get question detail for 汉语会超越英语成为世界通用语吗？: raw detail length 0
2022-07-19 18:11:41.214 [INFO] Sleep 2 second(s)
2022-07-19 18:11:43.977 [INFO] Get question detail for 付出与回报不成正比的友谊，还要继续吗？: raw detail length 29
2022-07-19 18:11:44.314 [INFO] Sleep 2 second(s)
2022-07-19 18:11:47.258 [INFO] Get question detail for 英媒称佩洛西计划在 8 月访台，这透露了哪些信息？: raw detail length 209
2022-07-19 18:11:47.598 [INFO] Sleep 2 second(s)
2022-07-19 18:11:50.204 [INFO] Get question detail for 女儿十分内向、胆小，缺乏勇气，怎样教育才能让她勇敢大方？: raw detail length 72
2022-07-19 18:11:50.552 [INFO] Sleep 2 second(s)
2022-07-19 18:11:53.065 [INFO] Get question detail for 如何看待伊朗拟推新法案禁止饲养宠物？: raw detail length 137
2022-07-19 18:11:53.389 [INFO] Sleep 2 second(s)
2022-07-19 18:11:56.197 [INFO] Get question detail for 怎样才能把家装修成「星级酒店」的样子?: raw detail length 71
2022-07-19 18:11:56.539 [INFO] Sleep 2 second(s)
2022-07-19 18:11:59.251 [INFO] Get question detail for 所以初中的友谊真的坚持不了多久吗？: raw detail length 0
2022-07-19 18:11:59.571 [INFO] Sleep 2 second(s)
2022-07-19 18:12:02.415 [INFO] Get question detail for 男子因病未打新冠疫苗求职遭拒，招聘企业回复「接待客户有一定感染风险」，如何看待企业的回复？是否合规？: raw detail length 204
2022-07-19 18:12:02.741 [INFO] Sleep 2 second(s)
2022-07-19 18:12:05.397 [INFO] Get question detail for 俄气称遭「不可抗力」，将至少影响其对至少一家主要客户的天然气供应，哪些信息值得关注？: raw detail length 209
2022-07-19 18:12:05.743 [INFO] Sleep 2 second(s)
2022-07-19 18:12:08.422 [INFO] Get question detail for 有什么好看的纪录片值得推荐？: raw detail length 0
2022-07-19 18:12:09.090 [INFO] Sleep 447.8589367866516 second(s)
2022-07-19 18:19:36.950 [INFO] Begin crawling ...
2022-07-19 18:19:37.984 [INFO] Get 50 items: 马斯克表示「已将自己的大脑上传到云端」，,中日继续抛美债，中国持仓 12 年来首次,美国玛氏「彩虹糖」被指控可致人体 DNA,外交部表示「中方要求美方不得安排佩洛西访,韩国整只炸鸡卖 3 万韩元，韩民众发起抵,郑州银行称监管资金被挪用是「听招呼干活」,如何看待广东外语外贸大学 2022 年分,为什么空调的 26℃ 比室外的 26℃ ,四川一女子找工作不接受单休被 HR 骂「,日本花滑名将羽生结弦宣布退役，将转战职业,余秀华前男友杨槠策直播连续自扇 100 ,「小天才」平板涉黄涉暴被京津冀消协约谈，,如何看待 2022 高考很多 985 大,韩「统一教」前世界会会长公开鞠躬道歉，承,世纪佳缘「失联」高管「因个人涉嫌职务侵占,水泥的寿命是 60-70 年，那么 70,社科院副院长称「中国人不仅给自己买房还给,韦正为易烊千玺事件发声后，李佳航李晟接连,为什么国内狗狗不能上公交地铁，国外却当作,如果美国放开芯片了，国产芯片怎么办？,如何看待 2022 年部分省份同济大学录,如何看待不仅张小泉，双立人，苏泊尔，爱仕,为什么现在有一种论点是俄乌拖的越久对俄越,小米 12S Ultra 销售火热，说明,吴镇宇金像奖 11 提 0 中，吴费曼发,新疆麦趣尔再被强制执行，被执行总金额约 ,浙大副教授博士论文被判剽窃，目前其仍在任,如何看待苏州大学今年在江苏录取最低分数跌,为什么那么多人热衷于报考乡镇公务员？,如何看待中信证券投入 8 位分析师耗时数,游戏史上有哪些奇葩的翻译？,如何评价《新围棋少年》第 21 集，小明,张小泉负责人称或会研发拍蒜专用刀，你对该,《灌篮高手》最大的败笔是什么？,丘吉尔的战斗到底政策对英国是利大于弊还是,蚕丝可以做衣服，蜘蛛丝可以吗？两者有何区,为啥动画毕设很逆天，而动画电影番剧却没有,努力了却不如不努力的人成绩好，那努力还有,在高中阶段学习和友谊哪个更重要？,66 年前的 7 月 19 日，歼 -5,是不是高三的生活并没有电视和小说里那样轰,克宫宣布「俄罗斯和伊朗将在双边交易中放弃,汉语会超越英语成为世界通用语吗？,英媒称佩洛西计划在 8 月访台，这透露了,如何看待伊朗拟推新法案禁止饲养宠物？,女儿十分内向、胆小，缺乏勇气，怎样教育才,怎样才能把家装修成「星级酒店」的样子?,所以初中的友谊真的坚持不了多久吗？,俄气称遭「不可抗力」，将至少影响其对至少,男子因病未打新冠疫苗求职遭拒，招聘企业回
2022-07-19 18:19:37.984 [INFO] Sleep 2 second(s)
2022-07-19 18:19:41.232 [INFO] Get question detail for 马斯克表示「已将自己的大脑上传到云端」，脑机接口未来发展如何？: raw detail length 207
2022-07-19 18:19:41.564 [INFO] Sleep 2 second(s)
2022-07-19 18:19:44.384 [INFO] Get question detail for 中日继续抛美债，中国持仓 12 年来首次跌破万亿美元，有哪些原因导致美国债吸引力下降？: raw detail length 219
2022-07-19 18:19:44.714 [INFO] Sleep 2 second(s)
2022-07-19 18:19:47.838 [INFO] Get question detail for 美国玛氏「彩虹糖」被指控可致人体 DNA 发生改变，该说法有何依据？: raw detail length 209
2022-07-19 18:19:48.162 [INFO] Sleep 2 second(s)
2022-07-19 18:19:50.688 [INFO] Get question detail for 外交部表示「中方要求美方不得安排佩洛西访台」，若美方一意孤行，中方必采取坚决有力措施，释放了哪些信号？: raw detail length 203
2022-07-19 18:19:51.011 [INFO] Sleep 2 second(s)
2022-07-19 18:19:53.553 [INFO] Get question detail for 韩国整只炸鸡卖 3 万韩元，韩民众发起抵制，炸鸡价格过高的原因是什么？: raw detail length 205
2022-07-19 18:19:53.885 [INFO] Sleep 2 second(s)
2022-07-19 18:19:56.555 [INFO] Get question detail for 郑州银行称监管资金被挪用是「听招呼干活」，房管局回应「其说法不实」，如何看待此事？: raw detail length 207
2022-07-19 18:19:56.883 [INFO] Sleep 2 second(s)
2022-07-19 18:19:59.473 [INFO] Get question detail for 如何看待广东外语外贸大学 2022 年分数线暴跌？: raw detail length 43
2022-07-19 18:19:59.806 [INFO] Sleep 2 second(s)
2022-07-19 18:20:02.764 [INFO] Get question detail for 为什么空调的 26℃ 比室外的 26℃ 更凉快？: raw detail length 0
2022-07-19 18:20:03.102 [INFO] Sleep 2 second(s)
2022-07-19 18:20:05.875 [INFO] Get question detail for 四川一女子找工作不接受单休被 HR 骂「我们不是请摆设，不是找小三」，如何看待该公司 HR 的言行？: raw detail length 206
2022-07-19 18:20:06.202 [INFO] Sleep 2 second(s)
2022-07-19 18:20:09.003 [INFO] Get question detail for 日本花滑名将羽生结弦宣布退役，将转战职业滑冰。如何评价他的职业生涯？: raw detail length 77
2022-07-19 18:20:09.344 [INFO] Sleep 2 second(s)
2022-07-19 18:20:11.933 [INFO] Get question detail for 余秀华前男友杨槠策直播连续自扇 100 多个耳光，称为反对网暴家暴，如何看待他的行为？: raw detail length 163
2022-07-19 18:20:12.276 [INFO] Sleep 2 second(s)
2022-07-19 18:20:14.884 [INFO] Get question detail for 「小天才」平板涉黄涉暴被京津冀消协约谈，如何看待儿童平板电脑出现涉黄涉暴问题？: raw detail length 206
2022-07-19 18:20:15.211 [INFO] Sleep 2 second(s)
2022-07-19 18:20:17.800 [INFO] Get question detail for 如何看待 2022 高考很多 985 大学在河南断档？: raw detail length 27
2022-07-19 18:20:18.113 [INFO] Sleep 2 second(s)
2022-07-19 18:20:20.840 [INFO] Get question detail for 韩「统一教」前世界会会长公开鞠躬道歉，承认对安倍之死负有责任，这意味着什么？: raw detail length 203
2022-07-19 18:20:21.174 [INFO] Sleep 2 second(s)
2022-07-19 18:20:23.858 [INFO] Get question detail for 世纪佳缘「失联」高管「因个人涉嫌职务侵占」已被拘留，大股东复星主动报案，对公司会造成什么影响？: raw detail length 208
2022-07-19 18:20:24.209 [INFO] Sleep 2 second(s)
2022-07-19 18:20:26.807 [INFO] Get question detail for 水泥的寿命是 60-70 年，那么 70 年后的水利大坝会如何？: raw detail length 106
2022-07-19 18:20:27.133 [INFO] Sleep 2 second(s)
2022-07-19 18:20:29.794 [INFO] Get question detail for 社科院副院长称「中国人不仅给自己买房还给儿孙买房，这是中华血脉的独有气质」，如何评价这一观点？: raw detail length 133
2022-07-19 18:20:30.124 [INFO] Sleep 2 second(s)
2022-07-19 18:20:32.684 [INFO] Get question detail for 韦正为易烊千玺事件发声后，李佳航李晟接连发文，如何看待他们的行为？: raw detail length 202
2022-07-19 18:20:33.011 [INFO] Sleep 2 second(s)
2022-07-19 18:20:35.809 [INFO] Get question detail for 为什么国内狗狗不能上公交地铁，国外却当作习以为常？: raw detail length 102
2022-07-19 18:20:36.147 [INFO] Sleep 2 second(s)
2022-07-19 18:20:38.945 [INFO] Get question detail for 如果美国放开芯片了，国产芯片怎么办？: raw detail length 0
2022-07-19 18:20:39.275 [INFO] Sleep 2 second(s)
2022-07-19 18:20:42.060 [INFO] Get question detail for 如何看待 2022 年部分省份同济大学录取分数线大跳水？: raw detail length 2
2022-07-19 18:20:42.425 [INFO] Sleep 2 second(s)
2022-07-19 18:20:45.121 [INFO] Get question detail for 如何看待不仅张小泉，双立人，苏泊尔，爱仕达都回复说，菜刀不能拍蒜。从专业角度，合理吗？如何合理选厨具？: raw detail length 19
2022-07-19 18:20:45.464 [INFO] Sleep 2 second(s)
2022-07-19 18:20:48.209 [INFO] Get question detail for 为什么现在有一种论点是俄乌拖的越久对俄越有利？: raw detail length 0
2022-07-19 18:20:48.554 [INFO] Sleep 2 second(s)
2022-07-19 18:20:51.185 [INFO] Get question detail for 小米 12S Ultra 销售火热，说明了什么？: raw detail length 0
2022-07-19 18:20:51.520 [INFO] Sleep 2 second(s)
2022-07-19 18:20:54.093 [INFO] Get question detail for 吴镇宇金像奖 11 提 0 中，吴费曼发文「恭喜无蒸鱼获最佳陪跑和最佳冷门奖」，这样的父子情你慕了吗？: raw detail length 119
2022-07-19 18:20:54.429 [INFO] Sleep 2 second(s)
2022-07-19 18:20:56.946 [INFO] Get question detail for 新疆麦趣尔再被强制执行，被执行总金额约 6.66 亿，具体情况如何？给食品安全带来哪些警示？: raw detail length 174
2022-07-19 18:20:57.295 [INFO] Sleep 2 second(s)
2022-07-19 18:20:59.956 [INFO] Get question detail for 浙大副教授博士论文被判剽窃，目前其仍在任教，被剽窃者称「他抄到最后一字不改」，有哪些信息值得关注？: raw detail length 203
2022-07-19 18:21:00.287 [INFO] Sleep 2 second(s)
2022-07-19 18:21:02.910 [INFO] Get question detail for 如何看待苏州大学今年在江苏录取最低分数跌破 4w 名？: raw detail length 68
2022-07-19 18:21:03.232 [INFO] Sleep 2 second(s)
2022-07-19 18:21:05.742 [INFO] Get question detail for 为什么那么多人热衷于报考乡镇公务员？: raw detail length 26
2022-07-19 18:21:06.067 [INFO] Sleep 2 second(s)
2022-07-19 18:21:08.682 [INFO] Get question detail for 如何看待中信证券投入 8 位分析师耗时数月拆 30 万特斯拉，写了份 94 页研报？ 此举有何意义？: raw detail length 213
2022-07-19 18:21:09.015 [INFO] Sleep 2 second(s)
2022-07-19 18:21:11.644 [INFO] Get question detail for 游戏史上有哪些奇葩的翻译？: raw detail length 24
2022-07-19 18:21:11.986 [INFO] Sleep 2 second(s)
2022-07-19 18:21:14.501 [INFO] Get question detail for 如何评价《新围棋少年》第 21 集，小明皇封方百花为公主和亲蒙古可汗?: raw detail length 0
2022-07-19 18:21:14.842 [INFO] Sleep 2 second(s)
2022-07-19 18:21:17.606 [INFO] Get question detail for 张小泉负责人称或会研发拍蒜专用刀，你对该公司这一行为有何评价？: raw detail length 148
2022-07-19 18:21:17.946 [INFO] Sleep 2 second(s)
2022-07-19 18:21:20.619 [INFO] Get question detail for 《灌篮高手》最大的败笔是什么？: raw detail length 199
2022-07-19 18:21:20.953 [INFO] Sleep 2 second(s)
2022-07-19 18:21:23.590 [INFO] Get question detail for 丘吉尔的战斗到底政策对英国是利大于弊还是弊大于利？: raw detail length 201
2022-07-19 18:21:23.923 [INFO] Sleep 2 second(s)
2022-07-19 18:21:26.720 [INFO] Get question detail for 蚕丝可以做衣服，蜘蛛丝可以吗？两者有何区别？: raw detail length 3
2022-07-19 18:21:27.044 [INFO] Sleep 2 second(s)
2022-07-19 18:21:29.631 [INFO] Get question detail for 为啥动画毕设很逆天，而动画电影番剧却没有毕设的水平？: raw detail length 79
2022-07-19 18:21:29.958 [INFO] Sleep 2 second(s)
2022-07-19 18:21:32.540 [INFO] Get question detail for 努力了却不如不努力的人成绩好，那努力还有什么意义？: raw detail length 102
2022-07-19 18:21:32.863 [INFO] Sleep 2 second(s)
2022-07-19 18:21:35.602 [INFO] Get question detail for 在高中阶段学习和友谊哪个更重要？: raw detail length 0
2022-07-19 18:21:35.946 [INFO] Sleep 2 second(s)
2022-07-19 18:21:38.511 [INFO] Get question detail for 66 年前的 7 月 19 日，歼 -5 首飞成功。你了解中国歼击机发展史吗？对哪架国产歼击机最感兴趣？: raw detail length 136
2022-07-19 18:21:38.844 [INFO] Sleep 2 second(s)
2022-07-19 18:21:41.674 [INFO] Get question detail for 是不是高三的生活并没有电视和小说里那样轰轰烈烈？: raw detail length 194
2022-07-19 18:21:42.007 [INFO] Sleep 2 second(s)
2022-07-19 18:21:44.669 [INFO] Get question detail for 克宫宣布「俄罗斯和伊朗将在双边交易中放弃使用美元」，如何解读这一决定？: raw detail length 215
2022-07-19 18:21:44.998 [INFO] Sleep 2 second(s)
2022-07-19 18:21:47.617 [INFO] Get question detail for 汉语会超越英语成为世界通用语吗？: raw detail length 0
2022-07-19 18:21:47.948 [INFO] Sleep 2 second(s)
2022-07-19 18:21:50.474 [INFO] Get question detail for 英媒称佩洛西计划在 8 月访台，这透露了哪些信息？: raw detail length 209
2022-07-19 18:21:50.805 [INFO] Sleep 2 second(s)
2022-07-19 18:21:53.575 [INFO] Get question detail for 如何看待伊朗拟推新法案禁止饲养宠物？: raw detail length 137
2022-07-19 18:21:53.905 [INFO] Sleep 2 second(s)
2022-07-19 18:21:56.803 [INFO] Get question detail for 女儿十分内向、胆小，缺乏勇气，怎样教育才能让她勇敢大方？: raw detail length 72
2022-07-19 18:21:57.127 [INFO] Sleep 2 second(s)
2022-07-19 18:22:00.181 [INFO] Get question detail for 怎样才能把家装修成「星级酒店」的样子?: raw detail length 71
2022-07-19 18:22:00.512 [INFO] Sleep 2 second(s)
2022-07-19 18:22:03.374 [INFO] Get question detail for 所以初中的友谊真的坚持不了多久吗？: raw detail length 0
2022-07-19 18:22:03.704 [INFO] Sleep 2 second(s)
2022-07-19 18:22:06.341 [INFO] Get question detail for 俄气称遭「不可抗力」，将至少影响其对至少一家主要客户的天然气供应，哪些信息值得关注？: raw detail length 209
2022-07-19 18:22:06.658 [INFO] Sleep 2 second(s)
2022-07-19 18:22:09.460 [INFO] Get question detail for 男子因病未打新冠疫苗求职遭拒，招聘企业回复「接待客户有一定感染风险」，如何看待企业的回复？是否合规？: raw detail length 204
2022-07-19 18:22:10.158 [INFO] Sleep 446.7925455570221 second(s)
2022-07-19 18:29:36.951 [INFO] Begin crawling ...
2022-07-19 18:29:38.007 [INFO] Get 50 items: 马斯克表示「已将自己的大脑上传到云端」，,中日继续抛美债，中国持仓 12 年来首次,美国玛氏「彩虹糖」被指控可致人体 DNA,外交部表示「中方要求美方不得安排佩洛西访,韩国整只炸鸡卖 3 万韩元，韩民众发起抵,郑州银行称监管资金被挪用是「听招呼干活」,如何看待广东外语外贸大学 2022 年分,四川一女子找工作不接受单休被 HR 骂「,为什么空调的 26℃ 比室外的 26℃ ,日本花滑名将羽生结弦宣布退役，将转战职业,余秀华前男友杨槠策直播连续自扇 100 ,「小天才」平板涉黄涉暴被京津冀消协约谈，,如何看待 2022 高考很多 985 大,韩「统一教」前世界会会长公开鞠躬道歉，承,世纪佳缘「失联」高管「因个人涉嫌职务侵占,水泥的寿命是 60-70 年，那么 70,社科院副院长称「中国人不仅给自己买房还给,韦正为易烊千玺事件发声后，李佳航李晟接连,为什么国内狗狗不能上公交地铁，国外却当作,如果美国放开芯片了，国产芯片怎么办？,如何看待 2022 年部分省份同济大学录,如何看待不仅张小泉，双立人，苏泊尔，爱仕,为什么现在有一种论点是俄乌拖的越久对俄越,小米 12S Ultra 销售火热，说明,吴镇宇金像奖 11 提 0 中，吴费曼发,新疆麦趣尔再被强制执行，被执行总金额约 ,浙大副教授博士论文被判剽窃，目前其仍在任,如何看待苏州大学今年在江苏录取最低分数跌,为什么那么多人热衷于报考乡镇公务员？,如何看待中信证券投入 8 位分析师耗时数,游戏史上有哪些奇葩的翻译？,如何评价《新围棋少年》第 21 集，小明,张小泉负责人称或会研发拍蒜专用刀，你对该,《灌篮高手》最大的败笔是什么？,丘吉尔的战斗到底政策对英国是利大于弊还是,蚕丝可以做衣服，蜘蛛丝可以吗？两者有何区,为啥动画毕设很逆天，而动画电影番剧却没有,努力了却不如不努力的人成绩好，那努力还有,在高中阶段学习和友谊哪个更重要？,66 年前的 7 月 19 日，歼 -5,是不是高三的生活并没有电视和小说里那样轰,汉语会超越英语成为世界通用语吗？,女儿十分内向、胆小，缺乏勇气，怎样教育才,怎样才能把家装修成「星级酒店」的样子?,如何看待伊朗拟推新法案禁止饲养宠物？,所以初中的友谊真的坚持不了多久吗？,男子因病未打新冠疫苗求职遭拒，招聘企业回,有什么好看的纪录片值得推荐？,俄气称遭「不可抗力」，将至少影响其对至少,人活着需要在乎别人的看法吗？
2022-07-19 18:29:38.007 [INFO] Sleep 2 second(s)
2022-07-19 18:29:40.847 [INFO] Get question detail for 马斯克表示「已将自己的大脑上传到云端」，脑机接口未来发展如何？: raw detail length 207
2022-07-19 18:29:41.181 [INFO] Sleep 2 second(s)
2022-07-19 18:29:43.946 [INFO] Get question detail for 中日继续抛美债，中国持仓 12 年来首次跌破万亿美元，有哪些原因导致美国债吸引力下降？: raw detail length 219
2022-07-19 18:29:44.287 [INFO] Sleep 2 second(s)
2022-07-19 18:29:46.921 [INFO] Get question detail for 美国玛氏「彩虹糖」被指控可致人体 DNA 发生改变，该说法有何依据？: raw detail length 209
2022-07-19 18:29:47.256 [INFO] Sleep 2 second(s)
2022-07-19 18:29:49.791 [INFO] Get question detail for 外交部表示「中方要求美方不得安排佩洛西访台」，若美方一意孤行，中方必采取坚决有力措施，释放了哪些信号？: raw detail length 203
2022-07-19 18:29:50.133 [INFO] Sleep 2 second(s)
2022-07-19 18:29:52.662 [INFO] Get question detail for 韩国整只炸鸡卖 3 万韩元，韩民众发起抵制，炸鸡价格过高的原因是什么？: raw detail length 205
2022-07-19 18:29:53.011 [INFO] Sleep 2 second(s)
2022-07-19 18:29:55.545 [INFO] Get question detail for 郑州银行称监管资金被挪用是「听招呼干活」，房管局回应「其说法不实」，如何看待此事？: raw detail length 207
2022-07-19 18:29:55.884 [INFO] Sleep 2 second(s)
2022-07-19 18:29:58.868 [INFO] Get question detail for 如何看待广东外语外贸大学 2022 年分数线暴跌？: raw detail length 43
2022-07-19 18:29:59.195 [INFO] Sleep 2 second(s)
2022-07-19 18:30:01.837 [INFO] Get question detail for 四川一女子找工作不接受单休被 HR 骂「我们不是请摆设，不是找小三」，如何看待该公司 HR 的言行？: raw detail length 206
2022-07-19 18:30:02.160 [INFO] Sleep 2 second(s)
2022-07-19 18:30:04.704 [INFO] Get question detail for 为什么空调的 26℃ 比室外的 26℃ 更凉快？: raw detail length 0
2022-07-19 18:30:05.060 [INFO] Sleep 2 second(s)
2022-07-19 18:30:07.690 [INFO] Get question detail for 日本花滑名将羽生结弦宣布退役，将转战职业滑冰。如何评价他的职业生涯？: raw detail length 77
2022-07-19 18:30:08.035 [INFO] Sleep 2 second(s)
2022-07-19 18:30:10.597 [INFO] Get question detail for 余秀华前男友杨槠策直播连续自扇 100 多个耳光，称为反对网暴家暴，如何看待他的行为？: raw detail length 163
2022-07-19 18:30:10.924 [INFO] Sleep 2 second(s)
2022-07-19 18:30:13.442 [INFO] Get question detail for 「小天才」平板涉黄涉暴被京津冀消协约谈，如何看待儿童平板电脑出现涉黄涉暴问题？: raw detail length 206
2022-07-19 18:30:13.765 [INFO] Sleep 2 second(s)
2022-07-19 18:30:16.347 [INFO] Get question detail for 如何看待 2022 高考很多 985 大学在河南断档？: raw detail length 27
2022-07-19 18:30:16.682 [INFO] Sleep 2 second(s)
2022-07-19 18:30:19.233 [INFO] Get question detail for 韩「统一教」前世界会会长公开鞠躬道歉，承认对安倍之死负有责任，这意味着什么？: raw detail length 203
2022-07-19 18:30:19.576 [INFO] Sleep 2 second(s)
2022-07-19 18:30:22.155 [INFO] Get question detail for 世纪佳缘「失联」高管「因个人涉嫌职务侵占」已被拘留，大股东复星主动报案，对公司会造成什么影响？: raw detail length 208
2022-07-19 18:30:22.505 [INFO] Sleep 2 second(s)
2022-07-19 18:30:25.242 [INFO] Get question detail for 水泥的寿命是 60-70 年，那么 70 年后的水利大坝会如何？: raw detail length 106
2022-07-19 18:30:25.580 [INFO] Sleep 2 second(s)
2022-07-19 18:30:28.172 [INFO] Get question detail for 社科院副院长称「中国人不仅给自己买房还给儿孙买房，这是中华血脉的独有气质」，如何评价这一观点？: raw detail length 133
2022-07-19 18:30:28.504 [INFO] Sleep 2 second(s)
2022-07-19 18:30:31.314 [INFO] Get question detail for 韦正为易烊千玺事件发声后，李佳航李晟接连发文，如何看待他们的行为？: raw detail length 202
2022-07-19 18:30:31.657 [INFO] Sleep 2 second(s)
2022-07-19 18:30:34.140 [INFO] Get question detail for 为什么国内狗狗不能上公交地铁，国外却当作习以为常？: raw detail length 102
2022-07-19 18:30:34.465 [INFO] Sleep 2 second(s)
2022-07-19 18:30:37.086 [INFO] Get question detail for 如果美国放开芯片了，国产芯片怎么办？: raw detail length 0
2022-07-19 18:30:37.529 [INFO] Sleep 2 second(s)
2022-07-19 18:30:40.243 [INFO] Get question detail for 如何看待 2022 年部分省份同济大学录取分数线大跳水？: raw detail length 2
2022-07-19 18:30:40.587 [INFO] Sleep 2 second(s)
2022-07-19 18:30:43.350 [INFO] Get question detail for 如何看待不仅张小泉，双立人，苏泊尔，爱仕达都回复说，菜刀不能拍蒜。从专业角度，合理吗？如何合理选厨具？: raw detail length 19
2022-07-19 18:30:43.671 [INFO] Sleep 2 second(s)
2022-07-19 18:30:46.304 [INFO] Get question detail for 为什么现在有一种论点是俄乌拖的越久对俄越有利？: raw detail length 0
2022-07-19 18:30:46.623 [INFO] Sleep 2 second(s)
2022-07-19 18:30:49.145 [INFO] Get question detail for 小米 12S Ultra 销售火热，说明了什么？: raw detail length 0
2022-07-19 18:30:49.475 [INFO] Sleep 2 second(s)
2022-07-19 18:30:52.004 [INFO] Get question detail for 吴镇宇金像奖 11 提 0 中，吴费曼发文「恭喜无蒸鱼获最佳陪跑和最佳冷门奖」，这样的父子情你慕了吗？: raw detail length 119
2022-07-19 18:30:52.330 [INFO] Sleep 2 second(s)
2022-07-19 18:30:54.874 [INFO] Get question detail for 新疆麦趣尔再被强制执行，被执行总金额约 6.66 亿，具体情况如何？给食品安全带来哪些警示？: raw detail length 174
2022-07-19 18:30:55.212 [INFO] Sleep 2 second(s)
2022-07-19 18:30:57.741 [INFO] Get question detail for 浙大副教授博士论文被判剽窃，目前其仍在任教，被剽窃者称「他抄到最后一字不改」，有哪些信息值得关注？: raw detail length 203
2022-07-19 18:30:58.077 [INFO] Sleep 2 second(s)
2022-07-19 18:31:00.548 [INFO] Get question detail for 如何看待苏州大学今年在江苏录取最低分数跌破 4w 名？: raw detail length 68
2022-07-19 18:31:00.877 [INFO] Sleep 2 second(s)
2022-07-19 18:31:03.408 [INFO] Get question detail for 为什么那么多人热衷于报考乡镇公务员？: raw detail length 26
2022-07-19 18:31:03.745 [INFO] Sleep 2 second(s)
2022-07-19 18:31:06.392 [INFO] Get question detail for 如何看待中信证券投入 8 位分析师耗时数月拆 30 万特斯拉，写了份 94 页研报？ 此举有何意义？: raw detail length 213
2022-07-19 18:31:06.738 [INFO] Sleep 2 second(s)
2022-07-19 18:31:09.386 [INFO] Get question detail for 游戏史上有哪些奇葩的翻译？: raw detail length 24
2022-07-19 18:31:09.731 [INFO] Sleep 2 second(s)
2022-07-19 18:31:12.223 [INFO] Get question detail for 如何评价《新围棋少年》第 21 集，小明皇封方百花为公主和亲蒙古可汗?: raw detail length 0
2022-07-19 18:31:12.555 [INFO] Sleep 2 second(s)
2022-07-19 18:31:15.293 [INFO] Get question detail for 张小泉负责人称或会研发拍蒜专用刀，你对该公司这一行为有何评价？: raw detail length 148
2022-07-19 18:31:15.623 [INFO] Sleep 2 second(s)
2022-07-19 18:31:18.567 [INFO] Get question detail for 《灌篮高手》最大的败笔是什么？: raw detail length 199
2022-07-19 18:31:18.915 [INFO] Sleep 2 second(s)
2022-07-19 18:31:21.439 [INFO] Get question detail for 丘吉尔的战斗到底政策对英国是利大于弊还是弊大于利？: raw detail length 201
2022-07-19 18:31:21.763 [INFO] Sleep 2 second(s)
2022-07-19 18:31:24.388 [INFO] Get question detail for 蚕丝可以做衣服，蜘蛛丝可以吗？两者有何区别？: raw detail length 3
2022-07-19 18:31:24.721 [INFO] Sleep 2 second(s)
2022-07-19 18:31:27.371 [INFO] Get question detail for 为啥动画毕设很逆天，而动画电影番剧却没有毕设的水平？: raw detail length 79
2022-07-19 18:31:27.695 [INFO] Sleep 2 second(s)
2022-07-19 18:31:30.356 [INFO] Get question detail for 努力了却不如不努力的人成绩好，那努力还有什么意义？: raw detail length 102
2022-07-19 18:31:30.682 [INFO] Sleep 2 second(s)
2022-07-19 18:31:33.565 [INFO] Get question detail for 在高中阶段学习和友谊哪个更重要？: raw detail length 0
2022-07-19 18:31:33.891 [INFO] Sleep 2 second(s)
2022-07-19 18:31:36.453 [INFO] Get question detail for 66 年前的 7 月 19 日，歼 -5 首飞成功。你了解中国歼击机发展史吗？对哪架国产歼击机最感兴趣？: raw detail length 136
2022-07-19 18:31:36.789 [INFO] Sleep 2 second(s)
2022-07-19 18:31:39.449 [INFO] Get question detail for 是不是高三的生活并没有电视和小说里那样轰轰烈烈？: raw detail length 194
2022-07-19 18:31:39.769 [INFO] Sleep 2 second(s)
2022-07-19 18:31:42.264 [INFO] Get question detail for 汉语会超越英语成为世界通用语吗？: raw detail length 0
2022-07-19 18:31:42.612 [INFO] Sleep 2 second(s)
2022-07-19 18:31:45.175 [INFO] Get question detail for 女儿十分内向、胆小，缺乏勇气，怎样教育才能让她勇敢大方？: raw detail length 72
2022-07-19 18:31:45.503 [INFO] Sleep 2 second(s)
2022-07-19 18:31:48.116 [INFO] Get question detail for 怎样才能把家装修成「星级酒店」的样子?: raw detail length 71
2022-07-19 18:31:48.462 [INFO] Sleep 2 second(s)
2022-07-19 18:31:50.971 [INFO] Get question detail for 如何看待伊朗拟推新法案禁止饲养宠物？: raw detail length 137
2022-07-19 18:31:51.303 [INFO] Sleep 2 second(s)
2022-07-19 18:31:53.841 [INFO] Get question detail for 所以初中的友谊真的坚持不了多久吗？: raw detail length 0
2022-07-19 18:31:54.183 [INFO] Sleep 2 second(s)
2022-07-19 18:31:56.762 [INFO] Get question detail for 男子因病未打新冠疫苗求职遭拒，招聘企业回复「接待客户有一定感染风险」，如何看待企业的回复？是否合规？: raw detail length 204
2022-07-19 18:31:57.098 [INFO] Sleep 2 second(s)
2022-07-19 18:31:59.870 [INFO] Get question detail for 有什么好看的纪录片值得推荐？: raw detail length 0
2022-07-19 18:32:00.230 [INFO] Sleep 2 second(s)
2022-07-19 18:32:02.789 [INFO] Get question detail for 俄气称遭「不可抗力」，将至少影响其对至少一家主要客户的天然气供应，哪些信息值得关注？: raw detail length 209
2022-07-19 18:32:03.132 [INFO] Sleep 2 second(s)
2022-07-19 18:32:06.001 [INFO] Get question detail for 人活着需要在乎别人的看法吗？: raw detail length 0
2022-07-19 18:32:06.658 [INFO] Sleep 450.29314827919006 second(s)
2022-07-19 18:39:36.952 [INFO] Begin crawling ...
2022-07-19 18:39:38.000 [INFO] Get 50 items: 马斯克表示「已将自己的大脑上传到云端」，,中日继续抛美债，中国持仓 12 年来首次,美国玛氏「彩虹糖」被指控可致人体 DNA,外交部表示「中方要求美方不得安排佩洛西访,韩国整只炸鸡卖 3 万韩元，韩民众发起抵,郑州银行称监管资金被挪用是「听招呼干活」,如何看待广东外语外贸大学 2022 年分,四川一女子找工作不接受单休被 HR 骂「,为什么空调的 26℃ 比室外的 26℃ ,日本花滑名将羽生结弦宣布退役，将转战职业,余秀华前男友杨槠策直播连续自扇 100 ,「小天才」平板涉黄涉暴被京津冀消协约谈，,如何看待 2022 高考很多 985 大,韩「统一教」前世界会会长公开鞠躬道歉，承,蚕丝可以做衣服，蜘蛛丝可以吗？两者有何区,社科院副院长称「中国人不仅给自己买房还给,为什么国内狗狗不能上公交地铁，国外却当作,韦正为易烊千玺事件发声后，李佳航李晟接连,世纪佳缘「失联」高管「因个人涉嫌职务侵占,如果美国放开芯片了，国产芯片怎么办？,如何看待 2022 年部分省份同济大学录,如何看待不仅张小泉，双立人，苏泊尔，爱仕,为什么现在有一种论点是俄乌拖的越久对俄越,小米 12S Ultra 销售火热，说明,吴镇宇金像奖 11 提 0 中，吴费曼发,新疆麦趣尔再被强制执行，被执行总金额约 ,浙大副教授博士论文被判剽窃，目前其仍在任,如何看待苏州大学今年在江苏录取最低分数跌,为什么那么多人热衷于报考乡镇公务员？,水泥的寿命是 60-70 年，那么 70,如何看待中信证券投入 8 位分析师耗时数,如何评价《新围棋少年》第 21 集，小明,游戏史上有哪些奇葩的翻译？,张小泉负责人称或会研发拍蒜专用刀，你对该,《灌篮高手》最大的败笔是什么？,丘吉尔的战斗到底政策对英国是利大于弊还是,为啥动画毕设很逆天，而动画电影番剧却没有,努力了却不如不努力的人成绩好，那努力还有,是不是高三的生活并没有电视和小说里那样轰,66 年前的 7 月 19 日，歼 -5,姜广涛因商业经济纠纷配合调查，具体情况如,有什么好看的纪录片值得推荐？,男子因病未打新冠疫苗求职遭拒，招聘企业回,人活着需要在乎别人的看法吗？,如何看待伊朗拟推新法案禁止饲养宠物？,设计师的工资前期很低，后期一定就高了吗？,怎样才能把家装修成「星级酒店」的样子?,如何评价《原神》爆料称可能对高热度角色「,俄气称遭「不可抗力」，将至少影响其对至少,如何评价七月新番《LoveLive Su
2022-07-19 18:39:38.000 [INFO] Sleep 2 second(s)
2022-07-19 18:39:40.508 [INFO] Get question detail for 马斯克表示「已将自己的大脑上传到云端」，脑机接口未来发展如何？: raw detail length 207
2022-07-19 18:39:40.833 [INFO] Sleep 2 second(s)
2022-07-19 18:39:43.628 [INFO] Get question detail for 中日继续抛美债，中国持仓 12 年来首次跌破万亿美元，有哪些原因导致美国债吸引力下降？: raw detail length 219
2022-07-19 18:39:43.964 [INFO] Sleep 2 second(s)
2022-07-19 18:39:46.570 [INFO] Get question detail for 美国玛氏「彩虹糖」被指控可致人体 DNA 发生改变，该说法有何依据？: raw detail length 209
2022-07-19 18:39:46.910 [INFO] Sleep 2 second(s)
2022-07-19 18:39:49.832 [INFO] Get question detail for 外交部表示「中方要求美方不得安排佩洛西访台」，若美方一意孤行，中方必采取坚决有力措施，释放了哪些信号？: raw detail length 203
2022-07-19 18:39:50.163 [INFO] Sleep 2 second(s)
2022-07-19 18:39:52.843 [INFO] Get question detail for 韩国整只炸鸡卖 3 万韩元，韩民众发起抵制，炸鸡价格过高的原因是什么？: raw detail length 205
2022-07-19 18:39:53.162 [INFO] Sleep 2 second(s)
2022-07-19 18:39:55.884 [INFO] Get question detail for 郑州银行称监管资金被挪用是「听招呼干活」，房管局回应「其说法不实」，如何看待此事？: raw detail length 207
2022-07-19 18:39:56.221 [INFO] Sleep 2 second(s)
2022-07-19 18:39:58.942 [INFO] Get question detail for 如何看待广东外语外贸大学 2022 年分数线暴跌？: raw detail length 43
2022-07-19 18:39:59.287 [INFO] Sleep 2 second(s)
2022-07-19 18:40:01.869 [INFO] Get question detail for 四川一女子找工作不接受单休被 HR 骂「我们不是请摆设，不是找小三」，如何看待该公司 HR 的言行？: raw detail length 206
2022-07-19 18:40:02.205 [INFO] Sleep 2 second(s)
2022-07-19 18:40:04.758 [INFO] Get question detail for 为什么空调的 26℃ 比室外的 26℃ 更凉快？: raw detail length 0
2022-07-19 18:40:05.090 [INFO] Sleep 2 second(s)
2022-07-19 18:40:07.820 [INFO] Get question detail for 日本花滑名将羽生结弦宣布退役，将转战职业滑冰。如何评价他的职业生涯？: raw detail length 77
2022-07-19 18:40:08.162 [INFO] Sleep 2 second(s)
2022-07-19 18:40:10.756 [INFO] Get question detail for 余秀华前男友杨槠策直播连续自扇 100 多个耳光，称为反对网暴家暴，如何看待他的行为？: raw detail length 163
2022-07-19 18:40:11.103 [INFO] Sleep 2 second(s)
2022-07-19 18:40:13.821 [INFO] Get question detail for 「小天才」平板涉黄涉暴被京津冀消协约谈，如何看待儿童平板电脑出现涉黄涉暴问题？: raw detail length 206
2022-07-19 18:40:14.144 [INFO] Sleep 2 second(s)
2022-07-19 18:40:16.686 [INFO] Get question detail for 如何看待 2022 高考很多 985 大学在河南断档？: raw detail length 27
2022-07-19 18:40:17.023 [INFO] Sleep 2 second(s)
2022-07-19 18:40:19.655 [INFO] Get question detail for 韩「统一教」前世界会会长公开鞠躬道歉，承认对安倍之死负有责任，这意味着什么？: raw detail length 203
2022-07-19 18:40:20.007 [INFO] Sleep 2 second(s)
2022-07-19 18:40:22.641 [INFO] Get question detail for 蚕丝可以做衣服，蜘蛛丝可以吗？两者有何区别？: raw detail length 3
2022-07-19 18:40:22.963 [INFO] Sleep 2 second(s)
2022-07-19 18:40:25.484 [INFO] Get question detail for 社科院副院长称「中国人不仅给自己买房还给儿孙买房，这是中华血脉的独有气质」，如何评价这一观点？: raw detail length 133
2022-07-19 18:40:25.814 [INFO] Sleep 2 second(s)
2022-07-19 18:40:28.350 [INFO] Get question detail for 为什么国内狗狗不能上公交地铁，国外却当作习以为常？: raw detail length 102
2022-07-19 18:40:28.672 [INFO] Sleep 2 second(s)
2022-07-19 18:40:31.215 [INFO] Get question detail for 韦正为易烊千玺事件发声后，李佳航李晟接连发文，如何看待他们的行为？: raw detail length 202
2022-07-19 18:40:31.566 [INFO] Sleep 2 second(s)
2022-07-19 18:40:34.222 [INFO] Get question detail for 世纪佳缘「失联」高管「因个人涉嫌职务侵占」已被拘留，大股东复星主动报案，对公司会造成什么影响？: raw detail length 208
2022-07-19 18:40:34.551 [INFO] Sleep 2 second(s)
2022-07-19 18:40:37.132 [INFO] Get question detail for 如果美国放开芯片了，国产芯片怎么办？: raw detail length 0
2022-07-19 18:40:37.530 [INFO] Sleep 2 second(s)
2022-07-19 18:40:40.104 [INFO] Get question detail for 如何看待 2022 年部分省份同济大学录取分数线大跳水？: raw detail length 2
2022-07-19 18:40:40.430 [INFO] Sleep 2 second(s)
2022-07-19 18:40:43.113 [INFO] Get question detail for 如何看待不仅张小泉，双立人，苏泊尔，爱仕达都回复说，菜刀不能拍蒜。从专业角度，合理吗？如何合理选厨具？: raw detail length 19
2022-07-19 18:40:43.462 [INFO] Sleep 2 second(s)
2022-07-19 18:40:46.038 [INFO] Get question detail for 为什么现在有一种论点是俄乌拖的越久对俄越有利？: raw detail length 0
2022-07-19 18:40:46.381 [INFO] Sleep 2 second(s)
2022-07-19 18:40:49.094 [INFO] Get question detail for 小米 12S Ultra 销售火热，说明了什么？: raw detail length 0
2022-07-19 18:40:49.424 [INFO] Sleep 2 second(s)
2022-07-19 18:40:51.955 [INFO] Get question detail for 吴镇宇金像奖 11 提 0 中，吴费曼发文「恭喜无蒸鱼获最佳陪跑和最佳冷门奖」，这样的父子情你慕了吗？: raw detail length 119
2022-07-19 18:40:52.289 [INFO] Sleep 2 second(s)
2022-07-19 18:40:54.875 [INFO] Get question detail for 新疆麦趣尔再被强制执行，被执行总金额约 6.66 亿，具体情况如何？给食品安全带来哪些警示？: raw detail length 174
2022-07-19 18:40:55.215 [INFO] Sleep 2 second(s)
2022-07-19 18:40:57.821 [INFO] Get question detail for 浙大副教授博士论文被判剽窃，目前其仍在任教，被剽窃者称「他抄到最后一字不改」，有哪些信息值得关注？: raw detail length 203
2022-07-19 18:40:58.144 [INFO] Sleep 2 second(s)
2022-07-19 18:41:00.724 [INFO] Get question detail for 如何看待苏州大学今年在江苏录取最低分数跌破 4w 名？: raw detail length 68
2022-07-19 18:41:01.061 [INFO] Sleep 2 second(s)
2022-07-19 18:41:03.609 [INFO] Get question detail for 为什么那么多人热衷于报考乡镇公务员？: raw detail length 26
2022-07-19 18:41:03.938 [INFO] Sleep 2 second(s)
2022-07-19 18:41:06.821 [INFO] Get question detail for 水泥的寿命是 60-70 年，那么 70 年后的水利大坝会如何？: raw detail length 106
2022-07-19 18:41:07.164 [INFO] Sleep 2 second(s)
2022-07-19 18:41:09.922 [INFO] Get question detail for 如何看待中信证券投入 8 位分析师耗时数月拆 30 万特斯拉，写了份 94 页研报？ 此举有何意义？: raw detail length 213
2022-07-19 18:41:10.382 [INFO] Sleep 2 second(s)
2022-07-19 18:41:12.869 [INFO] Get question detail for 如何评价《新围棋少年》第 21 集，小明皇封方百花为公主和亲蒙古可汗?: raw detail length 0
2022-07-19 18:41:13.202 [INFO] Sleep 2 second(s)
2022-07-19 18:41:15.869 [INFO] Get question detail for 游戏史上有哪些奇葩的翻译？: raw detail length 24
2022-07-19 18:41:16.216 [INFO] Sleep 2 second(s)
2022-07-19 18:41:18.774 [INFO] Get question detail for 张小泉负责人称或会研发拍蒜专用刀，你对该公司这一行为有何评价？: raw detail length 148
2022-07-19 18:41:19.121 [INFO] Sleep 2 second(s)
2022-07-19 18:41:21.694 [INFO] Get question detail for 《灌篮高手》最大的败笔是什么？: raw detail length 199
2022-07-19 18:41:22.015 [INFO] Sleep 2 second(s)
2022-07-19 18:41:24.682 [INFO] Get question detail for 丘吉尔的战斗到底政策对英国是利大于弊还是弊大于利？: raw detail length 201
2022-07-19 18:41:25.021 [INFO] Sleep 2 second(s)
2022-07-19 18:41:27.500 [INFO] Get question detail for 为啥动画毕设很逆天，而动画电影番剧却没有毕设的水平？: raw detail length 79
2022-07-19 18:41:27.837 [INFO] Sleep 2 second(s)
2022-07-19 18:41:30.353 [INFO] Get question detail for 努力了却不如不努力的人成绩好，那努力还有什么意义？: raw detail length 102
2022-07-19 18:41:30.678 [INFO] Sleep 2 second(s)
2022-07-19 18:41:33.286 [INFO] Get question detail for 是不是高三的生活并没有电视和小说里那样轰轰烈烈？: raw detail length 194
2022-07-19 18:41:33.617 [INFO] Sleep 2 second(s)
2022-07-19 18:41:36.148 [INFO] Get question detail for 66 年前的 7 月 19 日，歼 -5 首飞成功。你了解中国歼击机发展史吗？对哪架国产歼击机最感兴趣？: raw detail length 136
2022-07-19 18:41:36.847 [INFO] Sleep 2 second(s)
2022-07-19 18:41:39.504 [INFO] Get question detail for 姜广涛因商业经济纠纷配合调查，具体情况如何？: raw detail length 116
2022-07-19 18:41:39.831 [INFO] Sleep 2 second(s)
2022-07-19 18:41:42.602 [INFO] Get question detail for 有什么好看的纪录片值得推荐？: raw detail length 0
2022-07-19 18:41:42.941 [INFO] Sleep 2 second(s)
2022-07-19 18:41:45.463 [INFO] Get question detail for 男子因病未打新冠疫苗求职遭拒，招聘企业回复「接待客户有一定感染风险」，如何看待企业的回复？是否合规？: raw detail length 204
2022-07-19 18:41:45.786 [INFO] Sleep 2 second(s)
2022-07-19 18:41:48.541 [INFO] Get question detail for 人活着需要在乎别人的看法吗？: raw detail length 0
2022-07-19 18:41:48.871 [INFO] Sleep 2 second(s)
2022-07-19 18:41:51.533 [INFO] Get question detail for 如何看待伊朗拟推新法案禁止饲养宠物？: raw detail length 137
2022-07-19 18:41:51.863 [INFO] Sleep 2 second(s)
2022-07-19 18:41:54.436 [INFO] Get question detail for 设计师的工资前期很低，后期一定就高了吗？: raw detail length 38
2022-07-19 18:41:54.765 [INFO] Sleep 2 second(s)
2022-07-19 18:41:57.468 [INFO] Get question detail for 怎样才能把家装修成「星级酒店」的样子?: raw detail length 71
2022-07-19 18:41:57.813 [INFO] Sleep 2 second(s)
2022-07-19 18:42:00.565 [INFO] Get question detail for 如何评价《原神》爆料称可能对高热度角色「散兵」进行的改动及设定?: raw detail length 203
2022-07-19 18:42:00.885 [INFO] Sleep 2 second(s)
2022-07-19 18:42:03.419 [INFO] Get question detail for 俄气称遭「不可抗力」，将至少影响其对至少一家主要客户的天然气供应，哪些信息值得关注？: raw detail length 209
2022-07-19 18:42:03.758 [INFO] Sleep 2 second(s)
2022-07-19 18:42:06.291 [INFO] Get question detail for 如何评价七月新番《LoveLive Superstar》第二季第一集?: raw detail length 25
2022-07-19 18:42:06.931 [INFO] Sleep 450.0211353302002 second(s)
2022-07-19 18:49:36.953 [INFO] Begin crawling ...
2022-07-19 18:49:37.921 [INFO] Get 50 items: 中日继续抛美债，中国持仓 12 年来首次,马斯克表示「已将自己的大脑上传到云端」，,外交部表示「中方要求美方不得安排佩洛西访,美国玛氏「彩虹糖」被指控可致人体 DNA,韩国整只炸鸡卖 3 万韩元，韩民众发起抵,郑州银行称监管资金被挪用是「听招呼干活」,如何看待广东外语外贸大学 2022 年分,四川一女子找工作不接受单休被 HR 骂「,「小天才」平板涉黄涉暴被京津冀消协约谈，,日本花滑名将羽生结弦宣布退役，将转战职业,余秀华前男友杨槠策直播连续自扇 100 ,为什么空调的 26℃ 比室外的 26℃ ,如何看待 2022 高考很多 985 大,韩「统一教」前世界会会长公开鞠躬道歉，承,蚕丝可以做衣服，蜘蛛丝可以吗？两者有何区,社科院副院长称「中国人不仅给自己买房还给,为什么国内狗狗不能上公交地铁，国外却当作,韦正为易烊千玺事件发声后，李佳航李晟接连,世纪佳缘「失联」高管「因个人涉嫌职务侵占,为什么现在有一种论点是俄乌拖的越久对俄越,如何看待 2022 年部分省份同济大学录,如何看待不仅张小泉，双立人，苏泊尔，爱仕,如果美国放开芯片了，国产芯片怎么办？,小米 12S Ultra 销售火热，说明,吴镇宇金像奖 11 提 0 中，吴费曼发,新疆麦趣尔再被强制执行，被执行总金额约 ,浙大副教授博士论文被判剽窃，目前其仍在任,如何看待苏州大学今年在江苏录取最低分数跌,如何看待俄罗斯宣布，将无限期停止向德国输,水泥的寿命是 60-70 年，那么 70,如何看待中信证券投入 8 位分析师耗时数,如何评价《新围棋少年》第 21 集，小明,张小泉负责人称或会研发拍蒜专用刀，你对该,《灌篮高手》最大的败笔是什么？,如何看待日本花滑选手羽生结弦宣布退役，今,丘吉尔的战斗到底政策对英国是利大于弊还是,为啥动画毕设很逆天，而动画电影番剧却没有,努力了却不如不努力的人成绩好，那努力还有,是不是高三的生活并没有电视和小说里那样轰,66 年前的 7 月 19 日，歼 -5,姜广涛因商业经济纠纷配合调查，具体情况如,为什么那么多人热衷于报考乡镇公务员？,游戏史上有哪些奇葩的翻译？,有什么好看的纪录片值得推荐？,如何看待伊朗拟推新法案禁止饲养宠物？,人活着需要在乎别人的看法吗？,设计师的工资前期很低，后期一定就高了吗？,如何评价《原神》爆料称可能对高热度角色「,俄气称遭「不可抗力」，将至少影响其对至少,为啥杜聿明在陈官庄没办法突围？
2022-07-19 18:49:37.921 [INFO] Sleep 2 second(s)
2022-07-19 18:49:40.689 [INFO] Get question detail for 中日继续抛美债，中国持仓 12 年来首次跌破万亿美元，有哪些原因导致美国债吸引力下降？: raw detail length 219
2022-07-19 18:49:41.009 [INFO] Sleep 2 second(s)
2022-07-19 18:49:43.811 [INFO] Get question detail for 马斯克表示「已将自己的大脑上传到云端」，脑机接口未来发展如何？: raw detail length 207
2022-07-19 18:49:44.141 [INFO] Sleep 2 second(s)
2022-07-19 18:49:46.629 [INFO] Get question detail for 外交部表示「中方要求美方不得安排佩洛西访台」，若美方一意孤行，中方必采取坚决有力措施，释放了哪些信号？: raw detail length 203
2022-07-19 18:49:46.953 [INFO] Sleep 2 second(s)
2022-07-19 18:49:49.592 [INFO] Get question detail for 美国玛氏「彩虹糖」被指控可致人体 DNA 发生改变，该说法有何依据？: raw detail length 209
2022-07-19 18:49:49.924 [INFO] Sleep 2 second(s)
2022-07-19 18:49:52.366 [INFO] Get question detail for 韩国整只炸鸡卖 3 万韩元，韩民众发起抵制，炸鸡价格过高的原因是什么？: raw detail length 205
2022-07-19 18:49:52.709 [INFO] Sleep 2 second(s)
2022-07-19 18:49:55.285 [INFO] Get question detail for 郑州银行称监管资金被挪用是「听招呼干活」，房管局回应「其说法不实」，如何看待此事？: raw detail length 207
2022-07-19 18:49:55.605 [INFO] Sleep 2 second(s)
2022-07-19 18:49:58.269 [INFO] Get question detail for 如何看待广东外语外贸大学 2022 年分数线暴跌？: raw detail length 43
2022-07-19 18:49:58.615 [INFO] Sleep 2 second(s)
2022-07-19 18:50:01.128 [INFO] Get question detail for 四川一女子找工作不接受单休被 HR 骂「我们不是请摆设，不是找小三」，如何看待该公司 HR 的言行？: raw detail length 206
2022-07-19 18:50:01.462 [INFO] Sleep 2 second(s)
2022-07-19 18:50:04.030 [INFO] Get question detail for 「小天才」平板涉黄涉暴被京津冀消协约谈，如何看待儿童平板电脑出现涉黄涉暴问题？: raw detail length 206
2022-07-19 18:50:04.373 [INFO] Sleep 2 second(s)
2022-07-19 18:50:06.965 [INFO] Get question detail for 日本花滑名将羽生结弦宣布退役，将转战职业滑冰。如何评价他的职业生涯？: raw detail length 77
2022-07-19 18:50:07.343 [INFO] Sleep 2 second(s)
2022-07-19 18:50:09.856 [INFO] Get question detail for 余秀华前男友杨槠策直播连续自扇 100 多个耳光，称为反对网暴家暴，如何看待他的行为？: raw detail length 163
2022-07-19 18:50:10.194 [INFO] Sleep 2 second(s)
2022-07-19 18:50:12.720 [INFO] Get question detail for 为什么空调的 26℃ 比室外的 26℃ 更凉快？: raw detail length 0
2022-07-19 18:50:13.043 [INFO] Sleep 2 second(s)
2022-07-19 18:50:15.642 [INFO] Get question detail for 如何看待 2022 高考很多 985 大学在河南断档？: raw detail length 27
2022-07-19 18:50:15.976 [INFO] Sleep 2 second(s)
2022-07-19 18:50:18.458 [INFO] Get question detail for 韩「统一教」前世界会会长公开鞠躬道歉，承认对安倍之死负有责任，这意味着什么？: raw detail length 203
2022-07-19 18:50:18.786 [INFO] Sleep 2 second(s)
2022-07-19 18:50:21.411 [INFO] Get question detail for 蚕丝可以做衣服，蜘蛛丝可以吗？两者有何区别？: raw detail length 3
2022-07-19 18:50:21.744 [INFO] Sleep 2 second(s)
2022-07-19 18:50:24.436 [INFO] Get question detail for 社科院副院长称「中国人不仅给自己买房还给儿孙买房，这是中华血脉的独有气质」，如何评价这一观点？: raw detail length 133
2022-07-19 18:50:24.770 [INFO] Sleep 2 second(s)
2022-07-19 18:50:27.367 [INFO] Get question detail for 为什么国内狗狗不能上公交地铁，国外却当作习以为常？: raw detail length 102
2022-07-19 18:50:27.706 [INFO] Sleep 2 second(s)
2022-07-19 18:50:30.389 [INFO] Get question detail for 韦正为易烊千玺事件发声后，李佳航李晟接连发文，如何看待他们的行为？: raw detail length 202
2022-07-19 18:50:30.708 [INFO] Sleep 2 second(s)
2022-07-19 18:50:33.331 [INFO] Get question detail for 世纪佳缘「失联」高管「因个人涉嫌职务侵占」已被拘留，大股东复星主动报案，对公司会造成什么影响？: raw detail length 208
2022-07-19 18:50:33.674 [INFO] Sleep 2 second(s)
2022-07-19 18:50:36.168 [INFO] Get question detail for 为什么现在有一种论点是俄乌拖的越久对俄越有利？: raw detail length 0
2022-07-19 18:50:36.492 [INFO] Sleep 2 second(s)
2022-07-19 18:50:39.121 [INFO] Get question detail for 如何看待 2022 年部分省份同济大学录取分数线大跳水？: raw detail length 2
2022-07-19 18:50:39.446 [INFO] Sleep 2 second(s)
2022-07-19 18:50:41.997 [INFO] Get question detail for 如何看待不仅张小泉，双立人，苏泊尔，爱仕达都回复说，菜刀不能拍蒜。从专业角度，合理吗？如何合理选厨具？: raw detail length 19
2022-07-19 18:50:42.325 [INFO] Sleep 2 second(s)
2022-07-19 18:50:45.264 [INFO] Get question detail for 如果美国放开芯片了，国产芯片怎么办？: raw detail length 0
2022-07-19 18:50:45.589 [INFO] Sleep 2 second(s)
2022-07-19 18:50:48.203 [INFO] Get question detail for 小米 12S Ultra 销售火热，说明了什么？: raw detail length 0
2022-07-19 18:50:48.532 [INFO] Sleep 2 second(s)
2022-07-19 18:50:51.147 [INFO] Get question detail for 吴镇宇金像奖 11 提 0 中，吴费曼发文「恭喜无蒸鱼获最佳陪跑和最佳冷门奖」，这样的父子情你慕了吗？: raw detail length 119
2022-07-19 18:50:51.485 [INFO] Sleep 2 second(s)
2022-07-19 18:50:54.018 [INFO] Get question detail for 新疆麦趣尔再被强制执行，被执行总金额约 6.66 亿，具体情况如何？给食品安全带来哪些警示？: raw detail length 174
2022-07-19 18:50:54.355 [INFO] Sleep 2 second(s)
2022-07-19 18:50:57.150 [INFO] Get question detail for 浙大副教授博士论文被判剽窃，目前其仍在任教，被剽窃者称「他抄到最后一字不改」，有哪些信息值得关注？: raw detail length 203
2022-07-19 18:50:57.540 [INFO] Sleep 2 second(s)
2022-07-19 18:51:00.084 [INFO] Get question detail for 如何看待苏州大学今年在江苏录取最低分数跌破 4w 名？: raw detail length 68
2022-07-19 18:51:00.411 [INFO] Sleep 2 second(s)
2022-07-19 18:51:03.130 [INFO] Get question detail for 如何看待俄罗斯宣布，将无限期停止向德国输送天然气，此举会导致什么结果，欧洲的冬天如何过？: raw detail length 212
2022-07-19 18:51:03.470 [INFO] Sleep 2 second(s)
2022-07-19 18:51:05.993 [INFO] Get question detail for 水泥的寿命是 60-70 年，那么 70 年后的水利大坝会如何？: raw detail length 106
2022-07-19 18:51:06.314 [INFO] Sleep 2 second(s)
2022-07-19 18:51:09.030 [INFO] Get question detail for 如何看待中信证券投入 8 位分析师耗时数月拆 30 万特斯拉，写了份 94 页研报？ 此举有何意义？: raw detail length 213
2022-07-19 18:51:09.357 [INFO] Sleep 2 second(s)
2022-07-19 18:51:11.808 [INFO] Get question detail for 如何评价《新围棋少年》第 21 集，小明皇封方百花为公主和亲蒙古可汗?: raw detail length 0
2022-07-19 18:51:12.153 [INFO] Sleep 2 second(s)
2022-07-19 18:51:14.796 [INFO] Get question detail for 张小泉负责人称或会研发拍蒜专用刀，你对该公司这一行为有何评价？: raw detail length 148
2022-07-19 18:51:15.115 [INFO] Sleep 2 second(s)
2022-07-19 18:51:17.753 [INFO] Get question detail for 《灌篮高手》最大的败笔是什么？: raw detail length 199
2022-07-19 18:51:18.074 [INFO] Sleep 2 second(s)
2022-07-19 18:51:20.611 [INFO] Get question detail for 如何看待日本花滑选手羽生结弦宣布退役，今后不再参加比赛？: raw detail length 50
2022-07-19 18:51:20.939 [INFO] Sleep 2 second(s)
2022-07-19 18:51:23.585 [INFO] Get question detail for 丘吉尔的战斗到底政策对英国是利大于弊还是弊大于利？: raw detail length 201
2022-07-19 18:51:23.910 [INFO] Sleep 2 second(s)
2022-07-19 18:51:26.463 [INFO] Get question detail for 为啥动画毕设很逆天，而动画电影番剧却没有毕设的水平？: raw detail length 79
2022-07-19 18:51:26.807 [INFO] Sleep 2 second(s)
2022-07-19 18:51:29.329 [INFO] Get question detail for 努力了却不如不努力的人成绩好，那努力还有什么意义？: raw detail length 102
2022-07-19 18:51:29.655 [INFO] Sleep 2 second(s)
2022-07-19 18:51:32.586 [INFO] Get question detail for 是不是高三的生活并没有电视和小说里那样轰轰烈烈？: raw detail length 194
2022-07-19 18:51:32.907 [INFO] Sleep 2 second(s)
2022-07-19 18:51:35.500 [INFO] Get question detail for 66 年前的 7 月 19 日，歼 -5 首飞成功。你了解中国歼击机发展史吗？对哪架国产歼击机最感兴趣？: raw detail length 136
2022-07-19 18:51:35.847 [INFO] Sleep 2 second(s)
2022-07-19 18:51:38.506 [INFO] Get question detail for 姜广涛因商业经济纠纷配合调查，具体情况如何？: raw detail length 116
2022-07-19 18:51:38.845 [INFO] Sleep 2 second(s)
2022-07-19 18:51:41.426 [INFO] Get question detail for 为什么那么多人热衷于报考乡镇公务员？: raw detail length 26
2022-07-19 18:51:41.757 [INFO] Sleep 2 second(s)
2022-07-19 18:51:44.276 [INFO] Get question detail for 游戏史上有哪些奇葩的翻译？: raw detail length 24
2022-07-19 18:51:44.616 [INFO] Sleep 2 second(s)
2022-07-19 18:51:47.237 [INFO] Get question detail for 有什么好看的纪录片值得推荐？: raw detail length 0
2022-07-19 18:51:47.556 [INFO] Sleep 2 second(s)
2022-07-19 18:51:50.169 [INFO] Get question detail for 如何看待伊朗拟推新法案禁止饲养宠物？: raw detail length 137
2022-07-19 18:51:50.503 [INFO] Sleep 2 second(s)
2022-07-19 18:51:53.024 [INFO] Get question detail for 人活着需要在乎别人的看法吗？: raw detail length 0
2022-07-19 18:51:53.351 [INFO] Sleep 2 second(s)
2022-07-19 18:51:55.846 [INFO] Get question detail for 设计师的工资前期很低，后期一定就高了吗？: raw detail length 38
2022-07-19 18:51:56.188 [INFO] Sleep 2 second(s)
2022-07-19 18:51:58.848 [INFO] Get question detail for 如何评价《原神》爆料称可能对高热度角色「散兵」进行的改动及设定?: raw detail length 203
2022-07-19 18:51:59.186 [INFO] Sleep 2 second(s)
2022-07-19 18:52:01.877 [INFO] Get question detail for 俄气称遭「不可抗力」，将至少影响其对至少一家主要客户的天然气供应，哪些信息值得关注？: raw detail length 209
2022-07-19 18:52:02.212 [INFO] Sleep 2 second(s)
2022-07-19 18:52:04.955 [INFO] Get question detail for 为啥杜聿明在陈官庄没办法突围？: raw detail length 41
2022-07-19 18:52:05.598 [INFO] Sleep 451.3548057079315 second(s)
2022-07-19 18:59:36.954 [INFO] Begin crawling ...
2022-07-19 18:59:37.799 [INFO] Get 50 items: 中日继续抛美债，中国持仓 12 年来首次,马斯克表示「已将自己的大脑上传到云端」，,外交部表示「中方要求美方不得安排佩洛西访,美国玛氏「彩虹糖」被指控可致人体 DNA,「小天才」平板涉黄涉暴被京津冀消协约谈，,郑州银行称监管资金被挪用是「听招呼干活」,如何看待广东外语外贸大学 2022 年分,四川一女子找工作不接受单休被 HR 骂「,为什么空调的 26℃ 比室外的 26℃ ,日本花滑名将羽生结弦宣布退役，将转战职业,余秀华前男友杨槠策直播连续自扇 100 ,韩国整只炸鸡卖 3 万韩元，韩民众发起抵,如何看待 2022 高考很多 985 大,韩「统一教」前世界会会长公开鞠躬道歉，承,蚕丝可以做衣服，蜘蛛丝可以吗？两者有何区,社科院副院长称「中国人不仅给自己买房还给,为什么国内狗狗不能上公交地铁，国外却当作,韦正为易烊千玺事件发声后，李佳航李晟接连,世纪佳缘「失联」高管「因个人涉嫌职务侵占,为什么现在有一种论点是俄乌拖的越久对俄越,如何看待 2022 年部分省份同济大学录,如何看待不仅张小泉，双立人，苏泊尔，爱仕,如果美国放开芯片了，国产芯片怎么办？,小米 12S Ultra 销售火热，说明,吴镇宇金像奖 11 提 0 中，吴费曼发,新疆麦趣尔再被强制执行，被执行总金额约 ,浙大副教授博士论文被判剽窃，目前其仍在任,如何看待苏州大学今年在江苏录取最低分数跌,水泥的寿命是 60-70 年，那么 70,如何看待中信证券投入 8 位分析师耗时数,如何评价《新围棋少年》第 21 集，小明,张小泉负责人称或会研发拍蒜专用刀，你对该,如何看待日本花滑选手羽生结弦宣布退役，今,丘吉尔的战斗到底政策对英国是利大于弊还是,为啥动画毕设很逆天，而动画电影番剧却没有,努力了却不如不努力的人成绩好，那努力还有,《灌篮高手》最大的败笔是什么？,是不是高三的生活并没有电视和小说里那样轰,66 年前的 7 月 19 日，歼 -5,姜广涛因商业经济纠纷配合调查，具体情况如,人活着需要在乎别人的看法吗？,设计师的工资前期很低，后期一定就高了吗？,如何评价《原神》爆料称可能对高热度角色「,如何看待伊朗拟推新法案禁止饲养宠物？,为啥杜聿明在陈官庄没办法突围？,如何评价七月新番《LoveLive Su,如何看待 2022 年广东高考投档分数线,俄气称遭「不可抗力」，将至少影响其对至少,《黑客帝国》里的两粒药丸：一个看到残酷的,如果高考前 3 个月物理界有重大发现，课
2022-07-19 18:59:37.799 [INFO] Sleep 2 second(s)
2022-07-19 18:59:40.524 [INFO] Get question detail for 中日继续抛美债，中国持仓 12 年来首次跌破万亿美元，有哪些原因导致美国债吸引力下降？: raw detail length 219
2022-07-19 18:59:40.856 [INFO] Sleep 2 second(s)
2022-07-19 18:59:43.350 [INFO] Get question detail for 马斯克表示「已将自己的大脑上传到云端」，脑机接口未来发展如何？: raw detail length 207
2022-07-19 18:59:43.684 [INFO] Sleep 2 second(s)
2022-07-19 18:59:46.292 [INFO] Get question detail for 外交部表示「中方要求美方不得安排佩洛西访台」，若美方一意孤行，中方必采取坚决有力措施，释放了哪些信号？: raw detail length 203
2022-07-19 18:59:46.626 [INFO] Sleep 2 second(s)
2022-07-19 18:59:49.350 [INFO] Get question detail for 美国玛氏「彩虹糖」被指控可致人体 DNA 发生改变，该说法有何依据？: raw detail length 209
2022-07-19 18:59:49.683 [INFO] Sleep 2 second(s)
2022-07-19 18:59:52.211 [INFO] Get question detail for 「小天才」平板涉黄涉暴被京津冀消协约谈，如何看待儿童平板电脑出现涉黄涉暴问题？: raw detail length 206
2022-07-19 18:59:52.553 [INFO] Sleep 2 second(s)
2022-07-19 18:59:55.054 [INFO] Get question detail for 郑州银行称监管资金被挪用是「听招呼干活」，房管局回应「其说法不实」，如何看待此事？: raw detail length 207
2022-07-19 18:59:55.384 [INFO] Sleep 2 second(s)
2022-07-19 18:59:58.034 [INFO] Get question detail for 如何看待广东外语外贸大学 2022 年分数线暴跌？: raw detail length 43
2022-07-19 18:59:58.368 [INFO] Sleep 2 second(s)
2022-07-19 19:00:01.058 [INFO] Get question detail for 四川一女子找工作不接受单休被 HR 骂「我们不是请摆设，不是找小三」，如何看待该公司 HR 的言行？: raw detail length 206
2022-07-19 19:00:01.396 [INFO] Sleep 2 second(s)
2022-07-19 19:00:03.950 [INFO] Get question detail for 为什么空调的 26℃ 比室外的 26℃ 更凉快？: raw detail length 0
2022-07-19 19:00:04.283 [INFO] Sleep 2 second(s)
2022-07-19 19:00:06.937 [INFO] Get question detail for 日本花滑名将羽生结弦宣布退役，将转战职业滑冰。如何评价他的职业生涯？: raw detail length 77
2022-07-19 19:00:07.259 [INFO] Sleep 2 second(s)
2022-07-19 19:00:09.740 [INFO] Get question detail for 余秀华前男友杨槠策直播连续自扇 100 多个耳光，称为反对网暴家暴，如何看待他的行为？: raw detail length 163
2022-07-19 19:00:10.073 [INFO] Sleep 2 second(s)
2022-07-19 19:00:12.554 [INFO] Get question detail for 韩国整只炸鸡卖 3 万韩元，韩民众发起抵制，炸鸡价格过高的原因是什么？: raw detail length 205
2022-07-19 19:00:12.989 [INFO] Sleep 2 second(s)
2022-07-19 19:00:15.574 [INFO] Get question detail for 如何看待 2022 高考很多 985 大学在河南断档？: raw detail length 27
2022-07-19 19:00:15.922 [INFO] Sleep 2 second(s)
2022-07-19 19:00:18.495 [INFO] Get question detail for 韩「统一教」前世界会会长公开鞠躬道歉，承认对安倍之死负有责任，这意味着什么？: raw detail length 203
2022-07-19 19:00:18.843 [INFO] Sleep 2 second(s)
2022-07-19 19:00:21.814 [INFO] Get question detail for 蚕丝可以做衣服，蜘蛛丝可以吗？两者有何区别？: raw detail length 3
2022-07-19 19:00:22.144 [INFO] Sleep 2 second(s)
2022-07-19 19:00:24.781 [INFO] Get question detail for 社科院副院长称「中国人不仅给自己买房还给儿孙买房，这是中华血脉的独有气质」，如何评价这一观点？: raw detail length 133
2022-07-19 19:00:25.114 [INFO] Sleep 2 second(s)
2022-07-19 19:00:27.775 [INFO] Get question detail for 为什么国内狗狗不能上公交地铁，国外却当作习以为常？: raw detail length 102
2022-07-19 19:00:28.101 [INFO] Sleep 2 second(s)
2022-07-19 19:00:30.740 [INFO] Get question detail for 韦正为易烊千玺事件发声后，李佳航李晟接连发文，如何看待他们的行为？: raw detail length 202
2022-07-19 19:00:31.360 [INFO] Sleep 2 second(s)
2022-07-19 19:00:34.117 [INFO] Get question detail for 世纪佳缘「失联」高管「因个人涉嫌职务侵占」已被拘留，大股东复星主动报案，对公司会造成什么影响？: raw detail length 208
2022-07-19 19:00:34.440 [INFO] Sleep 2 second(s)
2022-07-19 19:00:37.123 [INFO] Get question detail for 为什么现在有一种论点是俄乌拖的越久对俄越有利？: raw detail length 0
2022-07-19 19:00:37.543 [INFO] Sleep 2 second(s)
2022-07-19 19:00:40.295 [INFO] Get question detail for 如何看待 2022 年部分省份同济大学录取分数线大跳水？: raw detail length 2
2022-07-19 19:00:40.715 [INFO] Sleep 2 second(s)
2022-07-19 19:00:43.331 [INFO] Get question detail for 如何看待不仅张小泉，双立人，苏泊尔，爱仕达都回复说，菜刀不能拍蒜。从专业角度，合理吗？如何合理选厨具？: raw detail length 19
2022-07-19 19:00:43.660 [INFO] Sleep 2 second(s)
2022-07-19 19:00:46.346 [INFO] Get question detail for 如果美国放开芯片了，国产芯片怎么办？: raw detail length 0
2022-07-19 19:00:46.671 [INFO] Sleep 2 second(s)
2022-07-19 19:00:49.333 [INFO] Get question detail for 小米 12S Ultra 销售火热，说明了什么？: raw detail length 0
2022-07-19 19:00:49.659 [INFO] Sleep 2 second(s)
2022-07-19 19:00:52.246 [INFO] Get question detail for 吴镇宇金像奖 11 提 0 中，吴费曼发文「恭喜无蒸鱼获最佳陪跑和最佳冷门奖」，这样的父子情你慕了吗？: raw detail length 119
2022-07-19 19:00:52.579 [INFO] Sleep 2 second(s)
2022-07-19 19:00:55.228 [INFO] Get question detail for 新疆麦趣尔再被强制执行，被执行总金额约 6.66 亿，具体情况如何？给食品安全带来哪些警示？: raw detail length 174
2022-07-19 19:00:55.612 [INFO] Sleep 2 second(s)
2022-07-19 19:00:58.332 [INFO] Get question detail for 浙大副教授博士论文被判剽窃，目前其仍在任教，被剽窃者称「他抄到最后一字不改」，有哪些信息值得关注？: raw detail length 203
2022-07-19 19:00:58.664 [INFO] Sleep 2 second(s)
2022-07-19 19:01:01.196 [INFO] Get question detail for 如何看待苏州大学今年在江苏录取最低分数跌破 4w 名？: raw detail length 68
2022-07-19 19:01:01.528 [INFO] Sleep 2 second(s)
2022-07-19 19:01:04.104 [INFO] Get question detail for 水泥的寿命是 60-70 年，那么 70 年后的水利大坝会如何？: raw detail length 106
2022-07-19 19:01:04.434 [INFO] Sleep 2 second(s)
2022-07-19 19:01:07.124 [INFO] Get question detail for 如何看待中信证券投入 8 位分析师耗时数月拆 30 万特斯拉，写了份 94 页研报？ 此举有何意义？: raw detail length 213
2022-07-19 19:01:07.458 [INFO] Sleep 2 second(s)
2022-07-19 19:01:10.211 [INFO] Get question detail for 如何评价《新围棋少年》第 21 集，小明皇封方百花为公主和亲蒙古可汗?: raw detail length 0
2022-07-19 19:01:10.538 [INFO] Sleep 2 second(s)
2022-07-19 19:01:13.625 [INFO] Get question detail for 张小泉负责人称或会研发拍蒜专用刀，你对该公司这一行为有何评价？: raw detail length 148
2022-07-19 19:01:13.977 [INFO] Sleep 2 second(s)
2022-07-19 19:01:16.925 [INFO] Get question detail for 如何看待日本花滑选手羽生结弦宣布退役，今后不再参加比赛？: raw detail length 50
2022-07-19 19:01:17.259 [INFO] Sleep 2 second(s)
2022-07-19 19:01:19.798 [INFO] Get question detail for 丘吉尔的战斗到底政策对英国是利大于弊还是弊大于利？: raw detail length 201
2022-07-19 19:01:20.143 [INFO] Sleep 2 second(s)
2022-07-19 19:01:22.687 [INFO] Get question detail for 为啥动画毕设很逆天，而动画电影番剧却没有毕设的水平？: raw detail length 79
2022-07-19 19:01:23.040 [INFO] Sleep 2 second(s)
2022-07-19 19:01:25.489 [INFO] Get question detail for 努力了却不如不努力的人成绩好，那努力还有什么意义？: raw detail length 102
2022-07-19 19:01:25.810 [INFO] Sleep 2 second(s)
2022-07-19 19:01:28.407 [INFO] Get question detail for 《灌篮高手》最大的败笔是什么？: raw detail length 199
2022-07-19 19:01:28.737 [INFO] Sleep 2 second(s)
2022-07-19 19:01:31.608 [INFO] Get question detail for 是不是高三的生活并没有电视和小说里那样轰轰烈烈？: raw detail length 194
2022-07-19 19:01:31.939 [INFO] Sleep 2 second(s)
2022-07-19 19:01:34.536 [INFO] Get question detail for 66 年前的 7 月 19 日，歼 -5 首飞成功。你了解中国歼击机发展史吗？对哪架国产歼击机最感兴趣？: raw detail length 136
2022-07-19 19:01:34.872 [INFO] Sleep 2 second(s)
2022-07-19 19:01:37.350 [INFO] Get question detail for 姜广涛因商业经济纠纷配合调查，具体情况如何？: raw detail length 116
2022-07-19 19:01:37.669 [INFO] Sleep 2 second(s)
2022-07-19 19:01:40.182 [INFO] Get question detail for 人活着需要在乎别人的看法吗？: raw detail length 0
2022-07-19 19:01:40.520 [INFO] Sleep 2 second(s)
2022-07-19 19:01:43.052 [INFO] Get question detail for 设计师的工资前期很低，后期一定就高了吗？: raw detail length 38
2022-07-19 19:01:43.390 [INFO] Sleep 2 second(s)
2022-07-19 19:01:46.069 [INFO] Get question detail for 如何评价《原神》爆料称可能对高热度角色「散兵」进行的改动及设定?: raw detail length 203
2022-07-19 19:01:46.415 [INFO] Sleep 2 second(s)
2022-07-19 19:01:49.026 [INFO] Get question detail for 如何看待伊朗拟推新法案禁止饲养宠物？: raw detail length 137
2022-07-19 19:01:49.358 [INFO] Sleep 2 second(s)
2022-07-19 19:01:52.079 [INFO] Get question detail for 为啥杜聿明在陈官庄没办法突围？: raw detail length 41
2022-07-19 19:01:52.407 [INFO] Sleep 2 second(s)
2022-07-19 19:01:54.930 [INFO] Get question detail for 如何评价七月新番《LoveLive Superstar》第二季第一集?: raw detail length 25
2022-07-19 19:01:55.292 [INFO] Sleep 2 second(s)
2022-07-19 19:01:57.911 [INFO] Get question detail for 如何看待 2022 年广东高考投档分数线？: raw detail length 0
2022-07-19 19:01:58.250 [INFO] Sleep 2 second(s)
2022-07-19 19:02:00.836 [INFO] Get question detail for 俄气称遭「不可抗力」，将至少影响其对至少一家主要客户的天然气供应，哪些信息值得关注？: raw detail length 209
2022-07-19 19:02:01.186 [INFO] Sleep 2 second(s)
2022-07-19 19:02:03.884 [INFO] Get question detail for 《黑客帝国》里的两粒药丸：一个看到残酷的现实渺茫地努力，一个留在虚拟的真实世界，你会怎么选？为什么？: raw detail length 0
2022-07-19 19:02:04.211 [INFO] Sleep 2 second(s)
2022-07-19 19:02:06.977 [INFO] Get question detail for 如果高考前 3 个月物理界有重大发现，课本中知识被证伪，高考试卷及答案会不变吗？: raw detail length 0
2022-07-19 19:02:07.640 [INFO] Sleep 449.3142075538635 second(s)
